<?xml version="1.0" encoding="UTF-8"?>
<testsuites>
  <testsuite name="/var/www/html/olist/tests" tests="22" assertions="23" errors="0" warnings="0" failures="0" skipped="0" time="0.139909">
    <testsuite name="Tests\Controllers\BrazilStatesTest" file="/var/www/html/olist/tests/Controllers/BrazilStatesTest.php" tests="1" assertions="1" errors="0" warnings="0" failures="0" skipped="0" time="0.002110">
      <testcase name="testGetStatesApiNotResponse" class="Tests\Controllers\BrazilStatesTest" classname="Tests.Controllers.BrazilStatesTest" file="/var/www/html/olist/tests/Controllers/BrazilStatesTest.php" line="11" assertions="1" time="0.002110"/>
    </testsuite>
    <testsuite name="Tests\Controllers\CategoryTest" file="/var/www/html/olist/tests/Controllers/CategoryTest.php" tests="1" assertions="1" errors="0" warnings="0" failures="0" skipped="0" time="0.000496">
      <testcase name="testIndex" class="Tests\Controllers\CategoryTest" classname="Tests.Controllers.CategoryTest" file="/var/www/html/olist/tests/Controllers/CategoryTest.php" line="12" assertions="1" time="0.000496"/>
    </testsuite>
    <testsuite name="Tests\Controllers\IntegrationTest" file="/var/www/html/olist/tests/Controllers/IntegrationTest.php" tests="1" assertions="1" errors="0" warnings="0" failures="0" skipped="0" time="0.000573">
      <testcase name="testError" class="Tests\Controllers\IntegrationTest" classname="Tests.Controllers.IntegrationTest" file="/var/www/html/olist/tests/Controllers/IntegrationTest.php" line="100" assertions="1" time="0.000573"/>
    </testsuite>
    <testsuite name="Tests\Controllers\ProductTest" file="/var/www/html/olist/tests/Controllers/ProductTest.php" tests="19" assertions="20" errors="0" warnings="0" failures="0" skipped="0" time="0.136730">
      <testcase name="testFunctionIndexMustReturnFalseBecauseProductIsEmpty" class="Tests\Controllers\ProductTest" classname="Tests.Controllers.ProductTest" file="/var/www/html/olist/tests/Controllers/ProductTest.php" line="45" assertions="1" time="0.014978">
        <system-out>{
    "status": "success",
    "class": "Controller\/Category",
    "method": "create",
    "id": "644",
    "message": "categoria salva com sucesso"
}{
    "status": "error",
    "class": "Controller\/Product",
    "method": "list",
    "message": "não existe produtos cadastrados na base de dados"
}</system-out>
      </testcase>
      <testcase name="testFunctionIndexMustReturnArrayOfProduct" class="Tests\Controllers\ProductTest" classname="Tests.Controllers.ProductTest" file="/var/www/html/olist/tests/Controllers/ProductTest.php" line="57" assertions="1" time="0.007051">
        <system-out>{
    "status": "success",
    "class": "Controller\/Category",
    "method": "create",
    "id": "645",
    "message": "categoria salva com sucesso"
}{
    "status": "success",
    "method": "create",
    "class": "Controller\/Product",
    "id": "322",
    "data": "produto salvo com sucesso"
}{
    "status": "success",
    "class": "Controller\/Product",
    "method": "list",
    "data": [
        {
            "id": "322",
            "category_id": "645",
            "name": "sabão em pó",
            "quantity": "5",
            "price": "6.90",
            "created_at": "2021-03-26 10:24:30",
            "updated_at": "2021-03-26 10:24:30"
        }
    ]
}</system-out>
      </testcase>
      <testsuite name="Tests\Controllers\ProductTest::testForCreateProductWithFieldMultiplesErrors" tests="9" assertions="9" errors="0" warnings="0" failures="0" skipped="0" time="0.043600">
        <testcase name="testForCreateProductWithFieldMultiplesErrors with data set #0" class="Tests\Controllers\ProductTest" classname="Tests.Controllers.ProductTest" file="/var/www/html/olist/tests/Controllers/ProductTest.php" line="128" assertions="1" time="0.004121">
          <system-out>{
    "status": "success",
    "class": "Controller\/Category",
    "method": "create",
    "id": "646",
    "message": "categoria salva com sucesso"
}</system-out>
        </testcase>
        <testcase name="testForCreateProductWithFieldMultiplesErrors with data set #1" class="Tests\Controllers\ProductTest" classname="Tests.Controllers.ProductTest" file="/var/www/html/olist/tests/Controllers/ProductTest.php" line="128" assertions="1" time="0.005206">
          <system-out>{
    "status": "success",
    "class": "Controller\/Category",
    "method": "create",
    "id": "647",
    "message": "categoria salva com sucesso"
}</system-out>
        </testcase>
        <testcase name="testForCreateProductWithFieldMultiplesErrors with data set #2" class="Tests\Controllers\ProductTest" classname="Tests.Controllers.ProductTest" file="/var/www/html/olist/tests/Controllers/ProductTest.php" line="128" assertions="1" time="0.004422">
          <system-out>{
    "status": "success",
    "class": "Controller\/Category",
    "method": "create",
    "id": "648",
    "message": "categoria salva com sucesso"
}</system-out>
        </testcase>
        <testcase name="testForCreateProductWithFieldMultiplesErrors with data set #3" class="Tests\Controllers\ProductTest" classname="Tests.Controllers.ProductTest" file="/var/www/html/olist/tests/Controllers/ProductTest.php" line="128" assertions="1" time="0.004274">
          <system-out>{
    "status": "success",
    "class": "Controller\/Category",
    "method": "create",
    "id": "649",
    "message": "categoria salva com sucesso"
}</system-out>
        </testcase>
        <testcase name="testForCreateProductWithFieldMultiplesErrors with data set #4" class="Tests\Controllers\ProductTest" classname="Tests.Controllers.ProductTest" file="/var/www/html/olist/tests/Controllers/ProductTest.php" line="128" assertions="1" time="0.006942">
          <system-out>{
    "status": "success",
    "class": "Controller\/Category",
    "method": "create",
    "id": "650",
    "message": "categoria salva com sucesso"
}</system-out>
        </testcase>
        <testcase name="testForCreateProductWithFieldMultiplesErrors with data set #5" class="Tests\Controllers\ProductTest" classname="Tests.Controllers.ProductTest" file="/var/www/html/olist/tests/Controllers/ProductTest.php" line="128" assertions="1" time="0.004715">
          <system-out>{
    "status": "success",
    "class": "Controller\/Category",
    "method": "create",
    "id": "651",
    "message": "categoria salva com sucesso"
}</system-out>
        </testcase>
        <testcase name="testForCreateProductWithFieldMultiplesErrors with data set #6" class="Tests\Controllers\ProductTest" classname="Tests.Controllers.ProductTest" file="/var/www/html/olist/tests/Controllers/ProductTest.php" line="128" assertions="1" time="0.004794">
          <system-out>{
    "status": "success",
    "class": "Controller\/Category",
    "method": "create",
    "id": "652",
    "message": "categoria salva com sucesso"
}</system-out>
        </testcase>
        <testcase name="testForCreateProductWithFieldMultiplesErrors with data set #7" class="Tests\Controllers\ProductTest" classname="Tests.Controllers.ProductTest" file="/var/www/html/olist/tests/Controllers/ProductTest.php" line="128" assertions="1" time="0.004564">
          <system-out>{
    "status": "success",
    "class": "Controller\/Category",
    "method": "create",
    "id": "653",
    "message": "categoria salva com sucesso"
}</system-out>
        </testcase>
        <testcase name="testForCreateProductWithFieldMultiplesErrors with data set #8" class="Tests\Controllers\ProductTest" classname="Tests.Controllers.ProductTest" file="/var/www/html/olist/tests/Controllers/ProductTest.php" line="128" assertions="1" time="0.004563">
          <system-out>{
    "status": "success",
    "class": "Controller\/Category",
    "method": "create",
    "id": "654",
    "message": "categoria salva com sucesso"
}</system-out>
        </testcase>
      </testsuite>
      <testcase name="testForCreateProductSentArrayEmptyHasReturnedFalse" class="Tests\Controllers\ProductTest" classname="Tests.Controllers.ProductTest" file="/var/www/html/olist/tests/Controllers/ProductTest.php" line="133" assertions="1" time="0.006587">
        <system-out>{
    "status": "success",
    "class": "Controller\/Category",
    "method": "create",
    "id": "655",
    "message": "categoria salva com sucesso"
}{
    "status": "error",
    "type": "invalid_data",
    "class": "Controller\/Product",
    "method": "create",
    "message": "não foi possivel criar o produto"
}</system-out>
      </testcase>
      <testcase name="testForCreateProductWithTermPriceNotFoundMustReturnFalse" class="Tests\Controllers\ProductTest" classname="Tests.Controllers.ProductTest" file="/var/www/html/olist/tests/Controllers/ProductTest.php" line="140" assertions="1" time="0.012100">
        <system-out>{
    "status": "success",
    "class": "Controller\/Category",
    "method": "create",
    "id": "656",
    "message": "categoria salva com sucesso"
}{
    "status": "error",
    "type": "invalid_data",
    "class": "Controller\/Product",
    "method": "create",
    "message": "campos obrigatório",
    "fields": [
        "price"
    ]
}</system-out>
      </testcase>
      <testcase name="testFoCreateProductWithNumberIdOfCategoryInvalidMustReturnFalse" class="Tests\Controllers\ProductTest" classname="Tests.Controllers.ProductTest" file="/var/www/html/olist/tests/Controllers/ProductTest.php" line="150" assertions="1" time="0.013975">
        <system-out>{
    "status": "success",
    "class": "Controller\/Category",
    "method": "create",
    "id": "657",
    "message": "categoria salva com sucesso"
}{
    "status": "error",
    "type": "invalid_data",
    "class": "Controller\/Product",
    "method": "create",
    "message": "categoria inválida"
}</system-out>
      </testcase>
      <testcase name="testForCreateProductWithTermTypeTextInFieldTypeFloatMustReturnFalse" class="Tests\Controllers\ProductTest" classname="Tests.Controllers.ProductTest" file="/var/www/html/olist/tests/Controllers/ProductTest.php" line="161" assertions="1" time="0.012761">
        <system-out>{
    "status": "success",
    "class": "Controller\/Category",
    "method": "create",
    "id": "658",
    "message": "categoria salva com sucesso"
}{
    "status": "error",
    "type": "invalid_data",
    "class": "Controller\/Product",
    "method": "create",
    "message": "não foi possivel salvar o produto"
}</system-out>
      </testcase>
      <testcase name="testForFindByIdWithArrayEmptyMustReturnFalse" class="Tests\Controllers\ProductTest" classname="Tests.Controllers.ProductTest" file="/var/www/html/olist/tests/Controllers/ProductTest.php" line="175" assertions="1" time="0.005449">
        <system-out>{
    "status": "success",
    "class": "Controller\/Category",
    "method": "create",
    "id": "659",
    "message": "categoria salva com sucesso"
}{
    "status": "error",
    "type": "invalid_data",
    "class": "Controller\/Product",
    "method": "findById",
    "message": "não foi possivel editar o produto"
}</system-out>
      </testcase>
      <testcase name="testForFindByIdWithIdNotExistMustReturnFalse" class="Tests\Controllers\ProductTest" classname="Tests.Controllers.ProductTest" file="/var/www/html/olist/tests/Controllers/ProductTest.php" line="182" assertions="1" time="0.006429">
        <system-out>{
    "status": "success",
    "class": "Controller\/Category",
    "method": "create",
    "id": "660",
    "message": "categoria salva com sucesso"
}{
    "status": "error",
    "type": "invalid_data",
    "class": "Controller\/Product",
    "method": "findById",
    "message": "identificador inválido"
}</system-out>
      </testcase>
      <testcase name="testForFindByIdWithOtherTermInArrayMustReturnFalse" class="Tests\Controllers\ProductTest" classname="Tests.Controllers.ProductTest" file="/var/www/html/olist/tests/Controllers/ProductTest.php" line="189" assertions="1" time="0.005162">
        <system-out>{
    "status": "success",
    "class": "Controller\/Category",
    "method": "create",
    "id": "661",
    "message": "categoria salva com sucesso"
}{
    "status": "error",
    "type": "invalid_data",
    "class": "Controller\/Product",
    "method": "findById",
    "message": "não foi possivel editar o produto"
}</system-out>
      </testcase>
      <testcase name="testForFindByIdWithMockClassMustReturnTrue" class="Tests\Controllers\ProductTest" classname="Tests.Controllers.ProductTest" file="/var/www/html/olist/tests/Controllers/ProductTest.php" line="196" assertions="2" time="0.008638">
        <system-out>{
    "status": "success",
    "class": "Controller\/Category",
    "method": "create",
    "id": "662",
    "message": "categoria salva com sucesso"
}{
    "status": "success",
    "method": "create",
    "class": "Controller\/Product",
    "id": "323",
    "data": "produto salvo com sucesso"
}{
    "status": "success",
    "class": "Controller\/Product",
    "method": "findById",
    "data": {
        "id": "323",
        "category_id": "662",
        "name": "sabão em pó",
        "quantity": "5",
        "price": "6.90",
        "created_at": "2021-03-26 10:24:30",
        "updated_at": "2021-03-26 10:24:30"
    }
}</system-out>
      </testcase>
    </testsuite>
  </testsuite>
</testsuites>
