<?xml version="1.0" encoding="UTF-8"?>
<testsuites>
  <testsuite name="/var/www/html/olist/tests" tests="53" assertions="58" errors="0" warnings="0" failures="0" skipped="0" time="0.294616">
    <testsuite name="Tests\Controllers\BrazilStatesTest" file="/var/www/html/olist/tests/Controllers/BrazilStatesTest.php" tests="1" assertions="1" errors="0" warnings="0" failures="0" skipped="0" time="0.031765">
      <testcase name="testCreateIndexWithDatabaseEmpty" class="Tests\Controllers\BrazilStatesTest" classname="Tests.Controllers.BrazilStatesTest" file="/var/www/html/olist/tests/Controllers/BrazilStatesTest.php" line="24" assertions="1" time="0.031765">
        <system-out>{
    "status": "error",
    "type": "invalid_data",
    "class": "Controller\/BrazilStats",
    "method": "index",
    "message": "nao possui estados registrados"
}</system-out>
      </testcase>
    </testsuite>
    <testsuite name="Tests\Controllers\CategoryTest" file="/var/www/html/olist/tests/Controllers/CategoryTest.php" tests="23" assertions="24" errors="0" warnings="0" failures="0" skipped="0" time="0.065835">
      <testcase name="testIndexOfCategorySentRequestWithDatabaseEmptyMustReturnFalse" class="Tests\Controllers\CategoryTest" classname="Tests.Controllers.CategoryTest" file="/var/www/html/olist/tests/Controllers/CategoryTest.php" line="32" assertions="2" time="0.004943">
        <system-out>{
    "status": "error",
    "class": "Controller\/Category",
    "method": "list",
    "message": "não existe categorias cadastradas na base de dados"
}</system-out>
      </testcase>
      <testcase name="testIndexOfCategorySentRequestWithDatabasePopulateMustReturnArray" class="Tests\Controllers\CategoryTest" classname="Tests.Controllers.CategoryTest" file="/var/www/html/olist/tests/Controllers/CategoryTest.php" line="47" assertions="1" time="0.011438">
        <system-out>{
    "status": "success",
    "class": "Controller\/Category",
    "method": "create",
    "id": "4859",
    "message": "categoria salva com sucesso"
}{
    "status": "success",
    "class": "Controller\/Category",
    "method": "list",
    "data": [
        {
            "id": "4859",
            "name": "alimento",
            "created_at": "2021-03-26 18:28:10",
            "updated_at": "2021-03-26 18:28:10"
        }
    ]
}</system-out>
      </testcase>
      <testcase name="testCreateOfCategorySentRequestEmptyMustReturnFalse" class="Tests\Controllers\CategoryTest" classname="Tests.Controllers.CategoryTest" file="/var/www/html/olist/tests/Controllers/CategoryTest.php" line="59" assertions="1" time="0.001682">
        <system-out>{
    "status": "error",
    "type": "invalid_data",
    "class": "Controller\/Category",
    "method": "create",
    "message": "obrigatório",
    "fields": [
        "name"
    ]
}</system-out>
      </testcase>
      <testcase name="testCreateOfCategorySentRequestTermRequiredEmptyMustReturnFalse" class="Tests\Controllers\CategoryTest" classname="Tests.Controllers.CategoryTest" file="/var/www/html/olist/tests/Controllers/CategoryTest.php" line="66" assertions="1" time="0.001477">
        <system-out>{
    "status": "error",
    "type": "invalid_data",
    "class": "Controller\/Category",
    "method": "create",
    "message": "obrigatório",
    "fields": [
        "name"
    ]
}</system-out>
      </testcase>
      <testcase name="testCreateOfCategorySentRequestTermInvalidRequiredEmptyMustReturnFalse" class="Tests\Controllers\CategoryTest" classname="Tests.Controllers.CategoryTest" file="/var/www/html/olist/tests/Controllers/CategoryTest.php" line="73" assertions="1" time="0.001395">
        <system-out>{
    "status": "error",
    "type": "invalid_data",
    "class": "Controller\/Category",
    "method": "create",
    "message": "obrigatório",
    "fields": [
        "name"
    ]
}</system-out>
      </testcase>
      <testcase name="testFindByIdOfCategorySentRequestRequestEmptyMustReturnFalse" class="Tests\Controllers\CategoryTest" classname="Tests.Controllers.CategoryTest" file="/var/www/html/olist/tests/Controllers/CategoryTest.php" line="80" assertions="1" time="0.000896">
        <system-out>{
    "status": "error",
    "type": "invalid_data",
    "class": "Controller\/Category",
    "method": "findById",
    "message": "não foi possivel buscar a categoria"
}</system-out>
      </testcase>
      <testcase name="testFindByIdOfCategorySentRequestTermRequiredInvalidMustReturnFalse" class="Tests\Controllers\CategoryTest" classname="Tests.Controllers.CategoryTest" file="/var/www/html/olist/tests/Controllers/CategoryTest.php" line="87" assertions="1" time="0.001313">
        <system-out>{
    "status": "error",
    "type": "invalid_data",
    "class": "Controller\/Category",
    "method": "findById",
    "message": "não foi possivel buscar a categoria"
}</system-out>
      </testcase>
      <testcase name="testFindByIdOfCategorySentRequestValueRequiredEmptyMustReturnFalse" class="Tests\Controllers\CategoryTest" classname="Tests.Controllers.CategoryTest" file="/var/www/html/olist/tests/Controllers/CategoryTest.php" line="94" assertions="1" time="0.000957">
        <system-out>{
    "status": "error",
    "type": "invalid_data",
    "class": "Controller\/Category",
    "method": "findById",
    "message": "não foi possivel buscar a categoria"
}</system-out>
      </testcase>
      <testcase name="testFindByIdOfCategorySentRequestValueOfIdNotExistMustReturnFalse" class="Tests\Controllers\CategoryTest" classname="Tests.Controllers.CategoryTest" file="/var/www/html/olist/tests/Controllers/CategoryTest.php" line="101" assertions="1" time="0.000820">
        <system-out>{
    "status": "error",
    "type": "invalid_data",
    "class": "Controller\/Category",
    "method": "findById",
    "message": "não foi possivel buscar a categoria"
}</system-out>
      </testcase>
      <testcase name="testFindByIdOfCategoryWithDatabaseEmptyMustReturnFalse" class="Tests\Controllers\CategoryTest" classname="Tests.Controllers.CategoryTest" file="/var/www/html/olist/tests/Controllers/CategoryTest.php" line="108" assertions="1" time="0.001216">
        <system-out>{
    "status": "error",
    "type": "invalid_data",
    "class": "Controller\/Category",
    "method": "findById",
    "message": "identificador inválido"
}</system-out>
      </testcase>
      <testcase name="testFindByIdOfCategorySentRequestValidMustReturnTrue" class="Tests\Controllers\CategoryTest" classname="Tests.Controllers.CategoryTest" file="/var/www/html/olist/tests/Controllers/CategoryTest.php" line="115" assertions="1" time="0.005773">
        <system-out>{
    "status": "success",
    "class": "Controller\/Category",
    "method": "create",
    "id": "4860",
    "message": "categoria salva com sucesso"
}{
    "status": "success",
    "class": "Controller\/Category",
    "method": "findById",
    "data": {
        "id": "4860",
        "name": "alimento",
        "created_at": "2021-03-26 18:28:10",
        "updated_at": "2021-03-26 18:28:10"
    }
}</system-out>
      </testcase>
      <testcase name="testEditOfCategorySentRequestValueOfIdNotExistMustReturnFalse" class="Tests\Controllers\CategoryTest" classname="Tests.Controllers.CategoryTest" file="/var/www/html/olist/tests/Controllers/CategoryTest.php" line="127" assertions="1" time="0.003896">
        <system-out>{
    "status": "error",
    "type": "invalid_data",
    "class": "Controller\/Category",
    "method": "edit",
    "message": "não foi possivel editar a categoria"
}</system-out>
      </testcase>
      <testcase name="testEditOfCategorySentRequestKeyNotExistMustReturnFalse" class="Tests\Controllers\CategoryTest" classname="Tests.Controllers.CategoryTest" file="/var/www/html/olist/tests/Controllers/CategoryTest.php" line="134" assertions="1" time="0.003936">
        <system-out>{
    "status": "error",
    "type": "invalid_data",
    "class": "Controller\/Category",
    "method": "edit",
    "message": "não foi possivel editar a categoria"
}</system-out>
      </testcase>
      <testcase name="testEditOfCategorySentRequestIdEmptyMustReturnFalse" class="Tests\Controllers\CategoryTest" classname="Tests.Controllers.CategoryTest" file="/var/www/html/olist/tests/Controllers/CategoryTest.php" line="141" assertions="1" time="0.002778">
        <system-out>{
    "status": "error",
    "type": "invalid_data",
    "class": "Controller\/Category",
    "method": "edit",
    "message": "não foi possivel editar a categoria"
}</system-out>
      </testcase>
      <testcase name="testEditOfCategorySentRequestIdInTextEmptyMustReturnFalse" class="Tests\Controllers\CategoryTest" classname="Tests.Controllers.CategoryTest" file="/var/www/html/olist/tests/Controllers/CategoryTest.php" line="148" assertions="1" time="0.002698">
        <system-out>{
    "status": "error",
    "type": "invalid_data",
    "class": "Controller\/Category",
    "method": "edit",
    "message": "identificador inválido"
}</system-out>
      </testcase>
      <testcase name="testEditOfCategorySentRequestEmptyMustReturnFalse" class="Tests\Controllers\CategoryTest" classname="Tests.Controllers.CategoryTest" file="/var/www/html/olist/tests/Controllers/CategoryTest.php" line="155" assertions="1" time="0.001378">
        <system-out>{
    "status": "error",
    "type": "invalid_data",
    "class": "Controller\/Category",
    "method": "edit",
    "message": "não foi possivel editar a categoria"
}</system-out>
      </testcase>
      <testcase name="testEditOfCategoryErrorInternServerMustReturnFalse" class="Tests\Controllers\CategoryTest" classname="Tests.Controllers.CategoryTest" file="/var/www/html/olist/tests/Controllers/CategoryTest.php" line="162" assertions="1" time="0.008043">
        <system-out>{
    "status": "success",
    "class": "Controller\/Category",
    "method": "create",
    "id": "4861",
    "message": "categoria salva com sucesso"
}{
    "status": "success",
    "class": "Controller\/Category",
    "method": "edit",
    "id": "4861",
    "message": "categoria editada com sucesso"
}</system-out>
      </testcase>
      <testcase name="testDeleteOfCategorySentRequestValueOfIdNotExistMustReturnFalse" class="Tests\Controllers\CategoryTest" classname="Tests.Controllers.CategoryTest" file="/var/www/html/olist/tests/Controllers/CategoryTest.php" line="172" assertions="1" time="0.001201">
        <system-out>{
    "status": "error",
    "type": "invalid_data",
    "class": "Controller\/Category",
    "method": "delete",
    "message": "não foi possivel excluir a categoria"
}</system-out>
      </testcase>
      <testcase name="testDeleteOfCategorySentRequestKeyNotExistMustReturnFalse" class="Tests\Controllers\CategoryTest" classname="Tests.Controllers.CategoryTest" file="/var/www/html/olist/tests/Controllers/CategoryTest.php" line="179" assertions="1" time="0.001577">
        <system-out>{
    "status": "error",
    "type": "invalid_data",
    "class": "Controller\/Category",
    "method": "delete",
    "message": "não foi possivel excluir a categoria"
}</system-out>
      </testcase>
      <testcase name="testDeleteOfCategorySentRequestIdEmptyMustReturnFalse" class="Tests\Controllers\CategoryTest" classname="Tests.Controllers.CategoryTest" file="/var/www/html/olist/tests/Controllers/CategoryTest.php" line="186" assertions="1" time="0.001020">
        <system-out>{
    "status": "error",
    "type": "invalid_data",
    "class": "Controller\/Category",
    "method": "delete",
    "message": "não foi possivel excluir a categoria"
}</system-out>
      </testcase>
      <testcase name="testDeleteOfCategorySentRequestIdEmptyMustReturnFakklse" class="Tests\Controllers\CategoryTest" classname="Tests.Controllers.CategoryTest" file="/var/www/html/olist/tests/Controllers/CategoryTest.php" line="193" assertions="1" time="0.001424">
        <system-out>{
    "status": "error",
    "type": "invalid_data",
    "class": "Controller\/Category",
    "method": "delete",
    "message": "identificador inválido"
}</system-out>
      </testcase>
      <testcase name="testDeleteOfCategorySentRequestEmptyMustReturnFalse" class="Tests\Controllers\CategoryTest" classname="Tests.Controllers.CategoryTest" file="/var/www/html/olist/tests/Controllers/CategoryTest.php" line="200" assertions="1" time="0.001366">
        <system-out>{
    "status": "error",
    "type": "invalid_data",
    "class": "Controller\/Category",
    "method": "delete",
    "message": "não foi possivel excluir a categoria"
}</system-out>
      </testcase>
      <testcase name="testDeleteOfCategoryErrorInternServerMustReturnFalse" class="Tests\Controllers\CategoryTest" classname="Tests.Controllers.CategoryTest" file="/var/www/html/olist/tests/Controllers/CategoryTest.php" line="207" assertions="1" time="0.004608">
        <system-out>{
    "status": "success",
    "class": "Controller\/Category",
    "method": "create",
    "id": "4862",
    "message": "categoria salva com sucesso"
}{
    "status": "sucess",
    "class": "Controller\/Category",
    "method": "delete",
    "id": "4862",
    "message": "categoria excluida com sucesso"
}</system-out>
      </testcase>
    </testsuite>
    <testsuite name="Tests\Controllers\ProductTest" file="/var/www/html/olist/tests/Controllers/ProductTest.php" tests="29" assertions="33" errors="0" warnings="0" failures="0" skipped="0" time="0.197016">
      <testcase name="testFunctionIndexMustReturnFalseBecauseProductIsEmpty" class="Tests\Controllers\ProductTest" classname="Tests.Controllers.ProductTest" file="/var/www/html/olist/tests/Controllers/ProductTest.php" line="45" assertions="1" time="0.006345">
        <system-out>{
    "status": "success",
    "class": "Controller\/Category",
    "method": "create",
    "id": "4863",
    "message": "categoria salva com sucesso"
}{
    "status": "error",
    "class": "Controller\/Product",
    "method": "list",
    "message": "não existe produtos cadastrados na base de dados"
}</system-out>
      </testcase>
      <testcase name="testFunctionIndexMustReturnArrayOfProduct" class="Tests\Controllers\ProductTest" classname="Tests.Controllers.ProductTest" file="/var/www/html/olist/tests/Controllers/ProductTest.php" line="57" assertions="1" time="0.006939">
        <system-out>{
    "status": "success",
    "class": "Controller\/Category",
    "method": "create",
    "id": "4864",
    "message": "categoria salva com sucesso"
}{
    "status": "success",
    "method": "create",
    "class": "Controller\/Product",
    "id": "1163",
    "data": "produto salvo com sucesso"
}{
    "status": "success",
    "class": "Controller\/Product",
    "method": "list",
    "data": [
        {
            "id": "1163",
            "category_id": "4864",
            "name": "sabão em pó",
            "quantity": "5",
            "price": "6.90",
            "created_at": "2021-03-26 18:28:10",
            "updated_at": "2021-03-26 18:28:10"
        }
    ]
}</system-out>
      </testcase>
      <testsuite name="Tests\Controllers\ProductTest::testForCreateProductWithFieldMultiplesErrors" tests="9" assertions="9" errors="0" warnings="0" failures="0" skipped="0" time="0.053085">
        <testcase name="testForCreateProductWithFieldMultiplesErrors with data set #0" class="Tests\Controllers\ProductTest" classname="Tests.Controllers.ProductTest" file="/var/www/html/olist/tests/Controllers/ProductTest.php" line="128" assertions="1" time="0.004369">
          <system-out>{
    "status": "success",
    "class": "Controller\/Category",
    "method": "create",
    "id": "4865",
    "message": "categoria salva com sucesso"
}</system-out>
        </testcase>
        <testcase name="testForCreateProductWithFieldMultiplesErrors with data set #1" class="Tests\Controllers\ProductTest" classname="Tests.Controllers.ProductTest" file="/var/www/html/olist/tests/Controllers/ProductTest.php" line="128" assertions="1" time="0.004672">
          <system-out>{
    "status": "success",
    "class": "Controller\/Category",
    "method": "create",
    "id": "4866",
    "message": "categoria salva com sucesso"
}</system-out>
        </testcase>
        <testcase name="testForCreateProductWithFieldMultiplesErrors with data set #2" class="Tests\Controllers\ProductTest" classname="Tests.Controllers.ProductTest" file="/var/www/html/olist/tests/Controllers/ProductTest.php" line="128" assertions="1" time="0.004131">
          <system-out>{
    "status": "success",
    "class": "Controller\/Category",
    "method": "create",
    "id": "4867",
    "message": "categoria salva com sucesso"
}</system-out>
        </testcase>
        <testcase name="testForCreateProductWithFieldMultiplesErrors with data set #3" class="Tests\Controllers\ProductTest" classname="Tests.Controllers.ProductTest" file="/var/www/html/olist/tests/Controllers/ProductTest.php" line="128" assertions="1" time="0.003663">
          <system-out>{
    "status": "success",
    "class": "Controller\/Category",
    "method": "create",
    "id": "4868",
    "message": "categoria salva com sucesso"
}</system-out>
        </testcase>
        <testcase name="testForCreateProductWithFieldMultiplesErrors with data set #4" class="Tests\Controllers\ProductTest" classname="Tests.Controllers.ProductTest" file="/var/www/html/olist/tests/Controllers/ProductTest.php" line="128" assertions="1" time="0.003926">
          <system-out>{
    "status": "success",
    "class": "Controller\/Category",
    "method": "create",
    "id": "4869",
    "message": "categoria salva com sucesso"
}</system-out>
        </testcase>
        <testcase name="testForCreateProductWithFieldMultiplesErrors with data set #5" class="Tests\Controllers\ProductTest" classname="Tests.Controllers.ProductTest" file="/var/www/html/olist/tests/Controllers/ProductTest.php" line="128" assertions="1" time="0.004054">
          <system-out>{
    "status": "success",
    "class": "Controller\/Category",
    "method": "create",
    "id": "4870",
    "message": "categoria salva com sucesso"
}</system-out>
        </testcase>
        <testcase name="testForCreateProductWithFieldMultiplesErrors with data set #6" class="Tests\Controllers\ProductTest" classname="Tests.Controllers.ProductTest" file="/var/www/html/olist/tests/Controllers/ProductTest.php" line="128" assertions="1" time="0.005256">
          <system-out>{
    "status": "success",
    "class": "Controller\/Category",
    "method": "create",
    "id": "4871",
    "message": "categoria salva com sucesso"
}</system-out>
        </testcase>
        <testcase name="testForCreateProductWithFieldMultiplesErrors with data set #7" class="Tests\Controllers\ProductTest" classname="Tests.Controllers.ProductTest" file="/var/www/html/olist/tests/Controllers/ProductTest.php" line="128" assertions="1" time="0.011578">
          <system-out>{
    "status": "success",
    "class": "Controller\/Category",
    "method": "create",
    "id": "4872",
    "message": "categoria salva com sucesso"
}</system-out>
        </testcase>
        <testcase name="testForCreateProductWithFieldMultiplesErrors with data set #8" class="Tests\Controllers\ProductTest" classname="Tests.Controllers.ProductTest" file="/var/www/html/olist/tests/Controllers/ProductTest.php" line="128" assertions="1" time="0.011436">
          <system-out>{
    "status": "success",
    "class": "Controller\/Category",
    "method": "create",
    "id": "4873",
    "message": "categoria salva com sucesso"
}</system-out>
        </testcase>
      </testsuite>
      <testcase name="testForCreateProductSentArrayEmptyHasReturnedFalse" class="Tests\Controllers\ProductTest" classname="Tests.Controllers.ProductTest" file="/var/www/html/olist/tests/Controllers/ProductTest.php" line="133" assertions="1" time="0.008592">
        <system-out>{
    "status": "success",
    "class": "Controller\/Category",
    "method": "create",
    "id": "4874",
    "message": "categoria salva com sucesso"
}{
    "status": "error",
    "type": "invalid_data",
    "class": "Controller\/Product",
    "method": "create",
    "message": "não foi possivel criar o produto"
}</system-out>
      </testcase>
      <testcase name="testForCreateProductWithTermPriceNotFoundMustReturnFalse" class="Tests\Controllers\ProductTest" classname="Tests.Controllers.ProductTest" file="/var/www/html/olist/tests/Controllers/ProductTest.php" line="140" assertions="1" time="0.007676">
        <system-out>{
    "status": "success",
    "class": "Controller\/Category",
    "method": "create",
    "id": "4875",
    "message": "categoria salva com sucesso"
}{
    "status": "error",
    "type": "invalid_data",
    "class": "Controller\/Product",
    "method": "create",
    "message": "campos obrigatório",
    "fields": [
        "price"
    ]
}</system-out>
      </testcase>
      <testcase name="testFoCreateProductWithNumberIdOfCategoryInvalidMustReturnFalse" class="Tests\Controllers\ProductTest" classname="Tests.Controllers.ProductTest" file="/var/www/html/olist/tests/Controllers/ProductTest.php" line="150" assertions="1" time="0.009867">
        <system-out>{
    "status": "success",
    "class": "Controller\/Category",
    "method": "create",
    "id": "4876",
    "message": "categoria salva com sucesso"
}{
    "status": "error",
    "type": "invalid_data",
    "class": "Controller\/Product",
    "method": "create",
    "message": "categoria inválida"
}</system-out>
      </testcase>
      <testcase name="testForCreateProductWithTermTypeTextInFieldTypeFloatMustReturnFalse" class="Tests\Controllers\ProductTest" classname="Tests.Controllers.ProductTest" file="/var/www/html/olist/tests/Controllers/ProductTest.php" line="161" assertions="1" time="0.011608">
        <system-out>{
    "status": "success",
    "class": "Controller\/Category",
    "method": "create",
    "id": "4877",
    "message": "categoria salva com sucesso"
}{
    "status": "error",
    "type": "invalid_data",
    "class": "Controller\/Product",
    "method": "create",
    "message": "não foi possivel salvar o produto"
}</system-out>
      </testcase>
      <testcase name="testForProductFindByIdWithArrayEmptyMustReturnFalse" class="Tests\Controllers\ProductTest" classname="Tests.Controllers.ProductTest" file="/var/www/html/olist/tests/Controllers/ProductTest.php" line="175" assertions="1" time="0.005222">
        <system-out>{
    "status": "success",
    "class": "Controller\/Category",
    "method": "create",
    "id": "4878",
    "message": "categoria salva com sucesso"
}{
    "status": "error",
    "type": "invalid_data",
    "class": "Controller\/Product",
    "method": "findById",
    "message": "não foi possivel editar o produto"
}</system-out>
      </testcase>
      <testcase name="testForProductFindByIdWithIdNotExistMustReturnFalse" class="Tests\Controllers\ProductTest" classname="Tests.Controllers.ProductTest" file="/var/www/html/olist/tests/Controllers/ProductTest.php" line="182" assertions="1" time="0.008191">
        <system-out>{
    "status": "success",
    "class": "Controller\/Category",
    "method": "create",
    "id": "4879",
    "message": "categoria salva com sucesso"
}{
    "status": "error",
    "type": "invalid_data",
    "class": "Controller\/Product",
    "method": "findById",
    "message": "identificador inválido"
}</system-out>
      </testcase>
      <testcase name="testForProductFindByIdWithOtherTermInArrayMustReturnFalse" class="Tests\Controllers\ProductTest" classname="Tests.Controllers.ProductTest" file="/var/www/html/olist/tests/Controllers/ProductTest.php" line="189" assertions="1" time="0.005951">
        <system-out>{
    "status": "success",
    "class": "Controller\/Category",
    "method": "create",
    "id": "4880",
    "message": "categoria salva com sucesso"
}{
    "status": "error",
    "type": "invalid_data",
    "class": "Controller\/Product",
    "method": "findById",
    "message": "não foi possivel editar o produto"
}</system-out>
      </testcase>
      <testcase name="testForProductFindByIdWithMockClassMustReturnTrue" class="Tests\Controllers\ProductTest" classname="Tests.Controllers.ProductTest" file="/var/www/html/olist/tests/Controllers/ProductTest.php" line="196" assertions="2" time="0.008696">
        <system-out>{
    "status": "success",
    "class": "Controller\/Category",
    "method": "create",
    "id": "4881",
    "message": "categoria salva com sucesso"
}{
    "status": "success",
    "method": "create",
    "class": "Controller\/Product",
    "id": "1164",
    "data": "produto salvo com sucesso"
}{
    "status": "success",
    "class": "Controller\/Product",
    "method": "findById",
    "data": {
        "id": "1164",
        "category_id": "4881",
        "name": "sabão em pó",
        "quantity": "5",
        "price": "6.90",
        "created_at": "2021-03-26 18:28:10",
        "updated_at": "2021-03-26 18:28:10"
    }
}</system-out>
      </testcase>
      <testcase name="testForProductEditProductWithTermIdNotSentMustReturnFalse" class="Tests\Controllers\ProductTest" classname="Tests.Controllers.ProductTest" file="/var/www/html/olist/tests/Controllers/ProductTest.php" line="208" assertions="1" time="0.005777">
        <system-out>{
    "status": "success",
    "class": "Controller\/Category",
    "method": "create",
    "id": "4882",
    "message": "categoria salva com sucesso"
}{
    "status": "error",
    "type": "invalid_data",
    "class": "Controller\/Product",
    "method": "edit",
    "message": "não foi possível editar o produto"
}</system-out>
      </testcase>
      <testcase name="testForEditProductWithOtherTermInArrayMustReturnFalse" class="Tests\Controllers\ProductTest" classname="Tests.Controllers.ProductTest" file="/var/www/html/olist/tests/Controllers/ProductTest.php" line="215" assertions="1" time="0.005372">
        <system-out>{
    "status": "success",
    "class": "Controller\/Category",
    "method": "create",
    "id": "4883",
    "message": "categoria salva com sucesso"
}{
    "status": "error",
    "type": "invalid_data",
    "class": "Controller\/Product",
    "method": "edit",
    "message": "não foi possível editar o produto"
}</system-out>
      </testcase>
      <testcase name="testForEditProductWithIdNotExistInDatabaseMustReturnFalse" class="Tests\Controllers\ProductTest" classname="Tests.Controllers.ProductTest" file="/var/www/html/olist/tests/Controllers/ProductTest.php" line="222" assertions="1" time="0.004512">
        <system-out>{
    "status": "success",
    "class": "Controller\/Category",
    "method": "create",
    "id": "4884",
    "message": "categoria salva com sucesso"
}{
    "status": "error",
    "type": "invalid_data",
    "class": "Controller\/Product",
    "method": "edit",
    "message": "identificador inválido"
}</system-out>
      </testcase>
      <testcase name="testForEditProductWithIdValidAndCategoryIdInvalid" class="Tests\Controllers\ProductTest" classname="Tests.Controllers.ProductTest" file="/var/www/html/olist/tests/Controllers/ProductTest.php" line="229" assertions="1" time="0.006571">
        <system-out>{
    "status": "success",
    "class": "Controller\/Category",
    "method": "create",
    "id": "4885",
    "message": "categoria salva com sucesso"
}{
    "status": "success",
    "method": "create",
    "class": "Controller\/Product",
    "id": "1165",
    "data": "produto salvo com sucesso"
}{
    "status": "error",
    "type": "invalid_data",
    "class": "Controller\/Product",
    "method": "edit",
    "message": "categoria inválida"
}</system-out>
      </testcase>
      <testcase name="testForEditProductWithDataValidMustReturnTrue" class="Tests\Controllers\ProductTest" classname="Tests.Controllers.ProductTest" file="/var/www/html/olist/tests/Controllers/ProductTest.php" line="248" assertions="2" time="0.008007">
        <system-out>{
    "status": "success",
    "class": "Controller\/Category",
    "method": "create",
    "id": "4886",
    "message": "categoria salva com sucesso"
}{
    "status": "success",
    "method": "create",
    "class": "Controller\/Product",
    "id": "1166",
    "data": "produto salvo com sucesso"
}{
    "status": "success",
    "class": "Controller\/Product",
    "method": "edit",
    "id": "1166",
    "message": "produto salvo com sucesso"
}</system-out>
      </testcase>
      <testcase name="testForEditProductWithDataValidAndCategoryIdEmptyMustReturnTrue" class="Tests\Controllers\ProductTest" classname="Tests.Controllers.ProductTest" file="/var/www/html/olist/tests/Controllers/ProductTest.php" line="269" assertions="2" time="0.009505">
        <system-out>{
    "status": "success",
    "class": "Controller\/Category",
    "method": "create",
    "id": "4887",
    "message": "categoria salva com sucesso"
}{
    "status": "success",
    "method": "create",
    "class": "Controller\/Product",
    "id": "1167",
    "data": "produto salvo com sucesso"
}{
    "status": "success",
    "class": "Controller\/Product",
    "method": "edit",
    "id": "1167",
    "message": "produto salvo com sucesso"
}</system-out>
      </testcase>
      <testcase name="testForEditProductValidatingQuantityRuleMustBeDifference" class="Tests\Controllers\ProductTest" classname="Tests.Controllers.ProductTest" file="/var/www/html/olist/tests/Controllers/ProductTest.php" line="291" assertions="2" time="0.007785">
        <system-out>{
    "status": "success",
    "class": "Controller\/Category",
    "method": "create",
    "id": "4888",
    "message": "categoria salva com sucesso"
}{
    "status": "success",
    "method": "create",
    "class": "Controller\/Product",
    "id": "1168",
    "data": "produto salvo com sucesso"
}{
    "status": "success",
    "class": "Controller\/Product",
    "method": "edit",
    "id": "1168",
    "message": "produto salvo com sucesso"
}</system-out>
      </testcase>
      <testcase name="testForDeleteProductSentArrayEmptyMustReturnFalse" class="Tests\Controllers\ProductTest" classname="Tests.Controllers.ProductTest" file="/var/www/html/olist/tests/Controllers/ProductTest.php" line="308" assertions="1" time="0.004570">
        <system-out>{
    "status": "success",
    "class": "Controller\/Category",
    "method": "create",
    "id": "4889",
    "message": "categoria salva com sucesso"
}{
    "status": "error",
    "type": "invalid_data",
    "class": "Controller\/Product",
    "method": "delete",
    "message": "nao foi possivel excluir o produto"
}</system-out>
      </testcase>
      <testcase name="testForDeleteProductSentIdInvalidMustReturnFalse" class="Tests\Controllers\ProductTest" classname="Tests.Controllers.ProductTest" file="/var/www/html/olist/tests/Controllers/ProductTest.php" line="315" assertions="1" time="0.004987">
        <system-out>{
    "status": "success",
    "class": "Controller\/Category",
    "method": "create",
    "id": "4890",
    "message": "categoria salva com sucesso"
}{
    "status": "error",
    "type": "invalid_data",
    "class": "Controller\/Product",
    "method": "delete",
    "message": "identificador inválido"
}</system-out>
      </testcase>
      <testcase name="testForDeleteProductSentIdValidMustReturnTrue" class="Tests\Controllers\ProductTest" classname="Tests.Controllers.ProductTest" file="/var/www/html/olist/tests/Controllers/ProductTest.php" line="322" assertions="1" time="0.007758">
        <system-out>{
    "status": "success",
    "class": "Controller\/Category",
    "method": "create",
    "id": "4891",
    "message": "categoria salva com sucesso"
}{
    "status": "success",
    "method": "create",
    "class": "Controller\/Product",
    "id": "1169",
    "data": "produto salvo com sucesso"
}{
    "status": "sucess",
    "class": "Controller\/Product",
    "method": "delete",
    "id": "1169",
    "message": "produto excluido com sucesso"
}</system-out>
      </testcase>
    </testsuite>
  </testsuite>
</testsuites>
