<?xml version="1.0" encoding="UTF-8"?>
<testsuites>
  <testsuite name="/var/www/html/olist/test" tests="34" assertions="35" errors="0" warnings="0" failures="0" skipped="0" time="1.088454">
    <testsuite name="Tests\Controllers\IntegrationTest\BrazilStatesTest" file="/var/www/html/olist/test/Controllers/IntegrationTest/BrazilStatesTest.php" tests="2" assertions="2" errors="0" warnings="0" failures="0" skipped="0" time="1.005032">
      <testcase name="testGetStatesApiNotResponse" class="Tests\Controllers\IntegrationTest\BrazilStatesTest" classname="Tests.Controllers.IntegrationTest.BrazilStatesTest" file="/var/www/html/olist/test/Controllers/IntegrationTest/BrazilStatesTest.php" line="12" assertions="1" time="0.998145">
        <system-out>{
    "status": "success",
    "class": "BrazilStates",
    "method": "createStates",
    "message": "27 registros incluidos com sucesso"
}</system-out>
      </testcase>
      <testcase name="testIndex" class="Tests\Controllers\IntegrationTest\BrazilStatesTest" classname="Tests.Controllers.IntegrationTest.BrazilStatesTest" file="/var/www/html/olist/test/Controllers/IntegrationTest/BrazilStatesTest.php" line="20" assertions="1" time="0.006886">
        <system-out>{
    "status": "success",
    "class": "Controller\/BrazilState",
    "method": "index",
    "data": [
        {
            "id": "111",
            "state_id": "11",
            "name": "Rondônia",
            "sigla": "RO",
            "created_at": "2021-03-24 13:59:59",
            "updated_at": "2021-03-24 13:59:59"
        },
        {
            "id": "112",
            "state_id": "12",
            "name": "Acre",
            "sigla": "AC",
            "created_at": "2021-03-24 13:59:59",
            "updated_at": "2021-03-24 13:59:59"
        },
        {
            "id": "113",
            "state_id": "13",
            "name": "Amazonas",
            "sigla": "AM",
            "created_at": "2021-03-24 14:00:00",
            "updated_at": "2021-03-24 14:00:00"
        },
        {
            "id": "114",
            "state_id": "14",
            "name": "Roraima",
            "sigla": "RR",
            "created_at": "2021-03-24 14:00:00",
            "updated_at": "2021-03-24 14:00:00"
        },
        {
            "id": "115",
            "state_id": "15",
            "name": "Pará",
            "sigla": "PA",
            "created_at": "2021-03-24 14:00:00",
            "updated_at": "2021-03-24 14:00:00"
        },
        {
            "id": "116",
            "state_id": "16",
            "name": "Amapá",
            "sigla": "AP",
            "created_at": "2021-03-24 14:00:00",
            "updated_at": "2021-03-24 14:00:00"
        },
        {
            "id": "117",
            "state_id": "17",
            "name": "Tocantins",
            "sigla": "TO",
            "created_at": "2021-03-24 14:00:00",
            "updated_at": "2021-03-24 14:00:00"
        },
        {
            "id": "118",
            "state_id": "21",
            "name": "Maranhão",
            "sigla": "MA",
            "created_at": "2021-03-24 14:00:00",
            "updated_at": "2021-03-24 14:00:00"
        },
        {
            "id": "119",
            "state_id": "22",
            "name": "Piauí",
            "sigla": "PI",
            "created_at": "2021-03-24 14:00:00",
            "updated_at": "2021-03-24 14:00:00"
        },
        {
            "id": "120",
            "state_id": "23",
            "name": "Ceará",
            "sigla": "CE",
            "created_at": "2021-03-24 14:00:00",
            "updated_at": "2021-03-24 14:00:00"
        },
        {
            "id": "121",
            "state_id": "24",
            "name": "Rio Grande do Norte",
            "sigla": "RN",
            "created_at": "2021-03-24 14:00:00",
            "updated_at": "2021-03-24 14:00:00"
        },
        {
            "id": "122",
            "state_id": "25",
            "name": "Paraíba",
            "sigla": "PB",
            "created_at": "2021-03-24 14:00:00",
            "updated_at": "2021-03-24 14:00:00"
        },
        {
            "id": "123",
            "state_id": "26",
            "name": "Pernambuco",
            "sigla": "PE",
            "created_at": "2021-03-24 14:00:00",
            "updated_at": "2021-03-24 14:00:00"
        },
        {
            "id": "124",
            "state_id": "27",
            "name": "Alagoas",
            "sigla": "AL",
            "created_at": "2021-03-24 14:00:00",
            "updated_at": "2021-03-24 14:00:00"
        },
        {
            "id": "125",
            "state_id": "28",
            "name": "Sergipe",
            "sigla": "SE",
            "created_at": "2021-03-24 14:00:00",
            "updated_at": "2021-03-24 14:00:00"
        },
        {
            "id": "126",
            "state_id": "29",
            "name": "Bahia",
            "sigla": "BA",
            "created_at": "2021-03-24 14:00:00",
            "updated_at": "2021-03-24 14:00:00"
        },
        {
            "id": "127",
            "state_id": "31",
            "name": "Minas Gerais",
            "sigla": "MG",
            "created_at": "2021-03-24 14:00:00",
            "updated_at": "2021-03-24 14:00:00"
        },
        {
            "id": "128",
            "state_id": "32",
            "name": "Espírito Santo",
            "sigla": "ES",
            "created_at": "2021-03-24 14:00:00",
            "updated_at": "2021-03-24 14:00:00"
        },
        {
            "id": "129",
            "state_id": "33",
            "name": "Rio de Janeiro",
            "sigla": "RJ",
            "created_at": "2021-03-24 14:00:00",
            "updated_at": "2021-03-24 14:00:00"
        },
        {
            "id": "130",
            "state_id": "35",
            "name": "São Paulo",
            "sigla": "SP",
            "created_at": "2021-03-24 14:00:00",
            "updated_at": "2021-03-24 14:00:00"
        },
        {
            "id": "131",
            "state_id": "41",
            "name": "Paraná",
            "sigla": "PR",
            "created_at": "2021-03-24 14:00:00",
            "updated_at": "2021-03-24 14:00:00"
        },
        {
            "id": "132",
            "state_id": "42",
            "name": "Santa Catarina",
            "sigla": "SC",
            "created_at": "2021-03-24 14:00:00",
            "updated_at": "2021-03-24 14:00:00"
        },
        {
            "id": "133",
            "state_id": "43",
            "name": "Rio Grande do Sul",
            "sigla": "RS",
            "created_at": "2021-03-24 14:00:00",
            "updated_at": "2021-03-24 14:00:00"
        },
        {
            "id": "134",
            "state_id": "50",
            "name": "Mato Grosso do Sul",
            "sigla": "MS",
            "created_at": "2021-03-24 14:00:00",
            "updated_at": "2021-03-24 14:00:00"
        },
        {
            "id": "135",
            "state_id": "51",
            "name": "Mato Grosso",
            "sigla": "MT",
            "created_at": "2021-03-24 14:00:00",
            "updated_at": "2021-03-24 14:00:00"
        },
        {
            "id": "136",
            "state_id": "52",
            "name": "Goiás",
            "sigla": "GO",
            "created_at": "2021-03-24 14:00:00",
            "updated_at": "2021-03-24 14:00:00"
        },
        {
            "id": "137",
            "state_id": "53",
            "name": "Distrito Federal",
            "sigla": "DF",
            "created_at": "2021-03-24 14:00:00",
            "updated_at": "2021-03-24 14:00:00"
        },
        {
            "id": "138",
            "state_id": "11",
            "name": "Rondônia",
            "sigla": "RO",
            "created_at": "2021-03-25 00:59:10",
            "updated_at": "2021-03-25 00:59:10"
        },
        {
            "id": "139",
            "state_id": "12",
            "name": "Acre",
            "sigla": "AC",
            "created_at": "2021-03-25 00:59:10",
            "updated_at": "2021-03-25 00:59:10"
        },
        {
            "id": "140",
            "state_id": "13",
            "name": "Amazonas",
            "sigla": "AM",
            "created_at": "2021-03-25 00:59:10",
            "updated_at": "2021-03-25 00:59:10"
        },
        {
            "id": "141",
            "state_id": "14",
            "name": "Roraima",
            "sigla": "RR",
            "created_at": "2021-03-25 00:59:10",
            "updated_at": "2021-03-25 00:59:10"
        },
        {
            "id": "142",
            "state_id": "15",
            "name": "Pará",
            "sigla": "PA",
            "created_at": "2021-03-25 00:59:10",
            "updated_at": "2021-03-25 00:59:10"
        },
        {
            "id": "143",
            "state_id": "16",
            "name": "Amapá",
            "sigla": "AP",
            "created_at": "2021-03-25 00:59:10",
            "updated_at": "2021-03-25 00:59:10"
        },
        {
            "id": "144",
            "state_id": "17",
            "name": "Tocantins",
            "sigla": "TO",
            "created_at": "2021-03-25 00:59:10",
            "updated_at": "2021-03-25 00:59:10"
        },
        {
            "id": "145",
            "state_id": "21",
            "name": "Maranhão",
            "sigla": "MA",
            "created_at": "2021-03-25 00:59:10",
            "updated_at": "2021-03-25 00:59:10"
        },
        {
            "id": "146",
            "state_id": "22",
            "name": "Piauí",
            "sigla": "PI",
            "created_at": "2021-03-25 00:59:10",
            "updated_at": "2021-03-25 00:59:10"
        },
        {
            "id": "147",
            "state_id": "23",
            "name": "Ceará",
            "sigla": "CE",
            "created_at": "2021-03-25 00:59:10",
            "updated_at": "2021-03-25 00:59:10"
        },
        {
            "id": "148",
            "state_id": "24",
            "name": "Rio Grande do Norte",
            "sigla": "RN",
            "created_at": "2021-03-25 00:59:10",
            "updated_at": "2021-03-25 00:59:10"
        },
        {
            "id": "149",
            "state_id": "25",
            "name": "Paraíba",
            "sigla": "PB",
            "created_at": "2021-03-25 00:59:10",
            "updated_at": "2021-03-25 00:59:10"
        },
        {
            "id": "150",
            "state_id": "26",
            "name": "Pernambuco",
            "sigla": "PE",
            "created_at": "2021-03-25 00:59:10",
            "updated_at": "2021-03-25 00:59:10"
        },
        {
            "id": "151",
            "state_id": "27",
            "name": "Alagoas",
            "sigla": "AL",
            "created_at": "2021-03-25 00:59:10",
            "updated_at": "2021-03-25 00:59:10"
        },
        {
            "id": "152",
            "state_id": "28",
            "name": "Sergipe",
            "sigla": "SE",
            "created_at": "2021-03-25 00:59:10",
            "updated_at": "2021-03-25 00:59:10"
        },
        {
            "id": "153",
            "state_id": "29",
            "name": "Bahia",
            "sigla": "BA",
            "created_at": "2021-03-25 00:59:10",
            "updated_at": "2021-03-25 00:59:10"
        },
        {
            "id": "154",
            "state_id": "31",
            "name": "Minas Gerais",
            "sigla": "MG",
            "created_at": "2021-03-25 00:59:10",
            "updated_at": "2021-03-25 00:59:10"
        },
        {
            "id": "155",
            "state_id": "32",
            "name": "Espírito Santo",
            "sigla": "ES",
            "created_at": "2021-03-25 00:59:10",
            "updated_at": "2021-03-25 00:59:10"
        },
        {
            "id": "156",
            "state_id": "33",
            "name": "Rio de Janeiro",
            "sigla": "RJ",
            "created_at": "2021-03-25 00:59:10",
            "updated_at": "2021-03-25 00:59:10"
        },
        {
            "id": "157",
            "state_id": "35",
            "name": "São Paulo",
            "sigla": "SP",
            "created_at": "2021-03-25 00:59:10",
            "updated_at": "2021-03-25 00:59:10"
        },
        {
            "id": "158",
            "state_id": "41",
            "name": "Paraná",
            "sigla": "PR",
            "created_at": "2021-03-25 00:59:10",
            "updated_at": "2021-03-25 00:59:10"
        },
        {
            "id": "159",
            "state_id": "42",
            "name": "Santa Catarina",
            "sigla": "SC",
            "created_at": "2021-03-25 00:59:10",
            "updated_at": "2021-03-25 00:59:10"
        },
        {
            "id": "160",
            "state_id": "43",
            "name": "Rio Grande do Sul",
            "sigla": "RS",
            "created_at": "2021-03-25 00:59:10",
            "updated_at": "2021-03-25 00:59:10"
        },
        {
            "id": "161",
            "state_id": "50",
            "name": "Mato Grosso do Sul",
            "sigla": "MS",
            "created_at": "2021-03-25 00:59:10",
            "updated_at": "2021-03-25 00:59:10"
        },
        {
            "id": "162",
            "state_id": "51",
            "name": "Mato Grosso",
            "sigla": "MT",
            "created_at": "2021-03-25 00:59:10",
            "updated_at": "2021-03-25 00:59:10"
        },
        {
            "id": "163",
            "state_id": "52",
            "name": "Goiás",
            "sigla": "GO",
            "created_at": "2021-03-25 00:59:10",
            "updated_at": "2021-03-25 00:59:10"
        },
        {
            "id": "164",
            "state_id": "53",
            "name": "Distrito Federal",
            "sigla": "DF",
            "created_at": "2021-03-25 00:59:10",
            "updated_at": "2021-03-25 00:59:10"
        },
        {
            "id": "165",
            "state_id": "11",
            "name": "Rondônia",
            "sigla": "RO",
            "created_at": "2021-03-25 04:27:32",
            "updated_at": "2021-03-25 04:27:32"
        },
        {
            "id": "166",
            "state_id": "12",
            "name": "Acre",
            "sigla": "AC",
            "created_at": "2021-03-25 04:27:32",
            "updated_at": "2021-03-25 04:27:32"
        },
        {
            "id": "167",
            "state_id": "13",
            "name": "Amazonas",
            "sigla": "AM",
            "created_at": "2021-03-25 04:27:32",
            "updated_at": "2021-03-25 04:27:32"
        },
        {
            "id": "168",
            "state_id": "14",
            "name": "Roraima",
            "sigla": "RR",
            "created_at": "2021-03-25 04:27:32",
            "updated_at": "2021-03-25 04:27:32"
        },
        {
            "id": "169",
            "state_id": "15",
            "name": "Pará",
            "sigla": "PA",
            "created_at": "2021-03-25 04:27:32",
            "updated_at": "2021-03-25 04:27:32"
        },
        {
            "id": "170",
            "state_id": "16",
            "name": "Amapá",
            "sigla": "AP",
            "created_at": "2021-03-25 04:27:32",
            "updated_at": "2021-03-25 04:27:32"
        },
        {
            "id": "171",
            "state_id": "17",
            "name": "Tocantins",
            "sigla": "TO",
            "created_at": "2021-03-25 04:27:32",
            "updated_at": "2021-03-25 04:27:32"
        },
        {
            "id": "172",
            "state_id": "21",
            "name": "Maranhão",
            "sigla": "MA",
            "created_at": "2021-03-25 04:27:32",
            "updated_at": "2021-03-25 04:27:32"
        },
        {
            "id": "173",
            "state_id": "22",
            "name": "Piauí",
            "sigla": "PI",
            "created_at": "2021-03-25 04:27:32",
            "updated_at": "2021-03-25 04:27:32"
        },
        {
            "id": "174",
            "state_id": "23",
            "name": "Ceará",
            "sigla": "CE",
            "created_at": "2021-03-25 04:27:32",
            "updated_at": "2021-03-25 04:27:32"
        },
        {
            "id": "175",
            "state_id": "24",
            "name": "Rio Grande do Norte",
            "sigla": "RN",
            "created_at": "2021-03-25 04:27:32",
            "updated_at": "2021-03-25 04:27:32"
        },
        {
            "id": "176",
            "state_id": "25",
            "name": "Paraíba",
            "sigla": "PB",
            "created_at": "2021-03-25 04:27:32",
            "updated_at": "2021-03-25 04:27:32"
        },
        {
            "id": "177",
            "state_id": "26",
            "name": "Pernambuco",
            "sigla": "PE",
            "created_at": "2021-03-25 04:27:32",
            "updated_at": "2021-03-25 04:27:32"
        },
        {
            "id": "178",
            "state_id": "27",
            "name": "Alagoas",
            "sigla": "AL",
            "created_at": "2021-03-25 04:27:32",
            "updated_at": "2021-03-25 04:27:32"
        },
        {
            "id": "179",
            "state_id": "28",
            "name": "Sergipe",
            "sigla": "SE",
            "created_at": "2021-03-25 04:27:32",
            "updated_at": "2021-03-25 04:27:32"
        },
        {
            "id": "180",
            "state_id": "29",
            "name": "Bahia",
            "sigla": "BA",
            "created_at": "2021-03-25 04:27:32",
            "updated_at": "2021-03-25 04:27:32"
        },
        {
            "id": "181",
            "state_id": "31",
            "name": "Minas Gerais",
            "sigla": "MG",
            "created_at": "2021-03-25 04:27:32",
            "updated_at": "2021-03-25 04:27:32"
        },
        {
            "id": "182",
            "state_id": "32",
            "name": "Espírito Santo",
            "sigla": "ES",
            "created_at": "2021-03-25 04:27:32",
            "updated_at": "2021-03-25 04:27:32"
        },
        {
            "id": "183",
            "state_id": "33",
            "name": "Rio de Janeiro",
            "sigla": "RJ",
            "created_at": "2021-03-25 04:27:32",
            "updated_at": "2021-03-25 04:27:32"
        },
        {
            "id": "184",
            "state_id": "35",
            "name": "São Paulo",
            "sigla": "SP",
            "created_at": "2021-03-25 04:27:32",
            "updated_at": "2021-03-25 04:27:32"
        },
        {
            "id": "185",
            "state_id": "41",
            "name": "Paraná",
            "sigla": "PR",
            "created_at": "2021-03-25 04:27:32",
            "updated_at": "2021-03-25 04:27:32"
        },
        {
            "id": "186",
            "state_id": "42",
            "name": "Santa Catarina",
            "sigla": "SC",
            "created_at": "2021-03-25 04:27:32",
            "updated_at": "2021-03-25 04:27:32"
        },
        {
            "id": "187",
            "state_id": "43",
            "name": "Rio Grande do Sul",
            "sigla": "RS",
            "created_at": "2021-03-25 04:27:32",
            "updated_at": "2021-03-25 04:27:32"
        },
        {
            "id": "188",
            "state_id": "50",
            "name": "Mato Grosso do Sul",
            "sigla": "MS",
            "created_at": "2021-03-25 04:27:32",
            "updated_at": "2021-03-25 04:27:32"
        },
        {
            "id": "189",
            "state_id": "51",
            "name": "Mato Grosso",
            "sigla": "MT",
            "created_at": "2021-03-25 04:27:32",
            "updated_at": "2021-03-25 04:27:32"
        },
        {
            "id": "190",
            "state_id": "52",
            "name": "Goiás",
            "sigla": "GO",
            "created_at": "2021-03-25 04:27:32",
            "updated_at": "2021-03-25 04:27:32"
        },
        {
            "id": "191",
            "state_id": "53",
            "name": "Distrito Federal",
            "sigla": "DF",
            "created_at": "2021-03-25 04:27:32",
            "updated_at": "2021-03-25 04:27:32"
        },
        {
            "id": "192",
            "state_id": "11",
            "name": "Rondônia",
            "sigla": "RO",
            "created_at": "2021-03-25 04:27:56",
            "updated_at": "2021-03-25 04:27:56"
        },
        {
            "id": "193",
            "state_id": "12",
            "name": "Acre",
            "sigla": "AC",
            "created_at": "2021-03-25 04:27:56",
            "updated_at": "2021-03-25 04:27:56"
        },
        {
            "id": "194",
            "state_id": "13",
            "name": "Amazonas",
            "sigla": "AM",
            "created_at": "2021-03-25 04:27:56",
            "updated_at": "2021-03-25 04:27:56"
        },
        {
            "id": "195",
            "state_id": "14",
            "name": "Roraima",
            "sigla": "RR",
            "created_at": "2021-03-25 04:27:56",
            "updated_at": "2021-03-25 04:27:56"
        },
        {
            "id": "196",
            "state_id": "15",
            "name": "Pará",
            "sigla": "PA",
            "created_at": "2021-03-25 04:27:56",
            "updated_at": "2021-03-25 04:27:56"
        },
        {
            "id": "197",
            "state_id": "16",
            "name": "Amapá",
            "sigla": "AP",
            "created_at": "2021-03-25 04:27:56",
            "updated_at": "2021-03-25 04:27:56"
        },
        {
            "id": "198",
            "state_id": "17",
            "name": "Tocantins",
            "sigla": "TO",
            "created_at": "2021-03-25 04:27:56",
            "updated_at": "2021-03-25 04:27:56"
        },
        {
            "id": "199",
            "state_id": "21",
            "name": "Maranhão",
            "sigla": "MA",
            "created_at": "2021-03-25 04:27:56",
            "updated_at": "2021-03-25 04:27:56"
        },
        {
            "id": "200",
            "state_id": "22",
            "name": "Piauí",
            "sigla": "PI",
            "created_at": "2021-03-25 04:27:56",
            "updated_at": "2021-03-25 04:27:56"
        },
        {
            "id": "201",
            "state_id": "23",
            "name": "Ceará",
            "sigla": "CE",
            "created_at": "2021-03-25 04:27:56",
            "updated_at": "2021-03-25 04:27:56"
        },
        {
            "id": "202",
            "state_id": "24",
            "name": "Rio Grande do Norte",
            "sigla": "RN",
            "created_at": "2021-03-25 04:27:56",
            "updated_at": "2021-03-25 04:27:56"
        },
        {
            "id": "203",
            "state_id": "25",
            "name": "Paraíba",
            "sigla": "PB",
            "created_at": "2021-03-25 04:27:56",
            "updated_at": "2021-03-25 04:27:56"
        },
        {
            "id": "204",
            "state_id": "26",
            "name": "Pernambuco",
            "sigla": "PE",
            "created_at": "2021-03-25 04:27:56",
            "updated_at": "2021-03-25 04:27:56"
        },
        {
            "id": "205",
            "state_id": "27",
            "name": "Alagoas",
            "sigla": "AL",
            "created_at": "2021-03-25 04:27:56",
            "updated_at": "2021-03-25 04:27:56"
        },
        {
            "id": "206",
            "state_id": "28",
            "name": "Sergipe",
            "sigla": "SE",
            "created_at": "2021-03-25 04:27:56",
            "updated_at": "2021-03-25 04:27:56"
        },
        {
            "id": "207",
            "state_id": "29",
            "name": "Bahia",
            "sigla": "BA",
            "created_at": "2021-03-25 04:27:56",
            "updated_at": "2021-03-25 04:27:56"
        },
        {
            "id": "208",
            "state_id": "31",
            "name": "Minas Gerais",
            "sigla": "MG",
            "created_at": "2021-03-25 04:27:56",
            "updated_at": "2021-03-25 04:27:56"
        },
        {
            "id": "209",
            "state_id": "32",
            "name": "Espírito Santo",
            "sigla": "ES",
            "created_at": "2021-03-25 04:27:56",
            "updated_at": "2021-03-25 04:27:56"
        },
        {
            "id": "210",
            "state_id": "33",
            "name": "Rio de Janeiro",
            "sigla": "RJ",
            "created_at": "2021-03-25 04:27:56",
            "updated_at": "2021-03-25 04:27:56"
        },
        {
            "id": "211",
            "state_id": "35",
            "name": "São Paulo",
            "sigla": "SP",
            "created_at": "2021-03-25 04:27:56",
            "updated_at": "2021-03-25 04:27:56"
        },
        {
            "id": "212",
            "state_id": "41",
            "name": "Paraná",
            "sigla": "PR",
            "created_at": "2021-03-25 04:27:56",
            "updated_at": "2021-03-25 04:27:56"
        },
        {
            "id": "213",
            "state_id": "42",
            "name": "Santa Catarina",
            "sigla": "SC",
            "created_at": "2021-03-25 04:27:56",
            "updated_at": "2021-03-25 04:27:56"
        },
        {
            "id": "214",
            "state_id": "43",
            "name": "Rio Grande do Sul",
            "sigla": "RS",
            "created_at": "2021-03-25 04:27:56",
            "updated_at": "2021-03-25 04:27:56"
        },
        {
            "id": "215",
            "state_id": "50",
            "name": "Mato Grosso do Sul",
            "sigla": "MS",
            "created_at": "2021-03-25 04:27:56",
            "updated_at": "2021-03-25 04:27:56"
        },
        {
            "id": "216",
            "state_id": "51",
            "name": "Mato Grosso",
            "sigla": "MT",
            "created_at": "2021-03-25 04:27:56",
            "updated_at": "2021-03-25 04:27:56"
        },
        {
            "id": "217",
            "state_id": "52",
            "name": "Goiás",
            "sigla": "GO",
            "created_at": "2021-03-25 04:27:56",
            "updated_at": "2021-03-25 04:27:56"
        },
        {
            "id": "218",
            "state_id": "53",
            "name": "Distrito Federal",
            "sigla": "DF",
            "created_at": "2021-03-25 04:27:56",
            "updated_at": "2021-03-25 04:27:56"
        },
        {
            "id": "219",
            "state_id": "11",
            "name": "Rondônia",
            "sigla": "RO",
            "created_at": "2021-03-25 04:31:30",
            "updated_at": "2021-03-25 04:31:30"
        },
        {
            "id": "220",
            "state_id": "12",
            "name": "Acre",
            "sigla": "AC",
            "created_at": "2021-03-25 04:31:30",
            "updated_at": "2021-03-25 04:31:30"
        },
        {
            "id": "221",
            "state_id": "13",
            "name": "Amazonas",
            "sigla": "AM",
            "created_at": "2021-03-25 04:31:30",
            "updated_at": "2021-03-25 04:31:30"
        },
        {
            "id": "222",
            "state_id": "14",
            "name": "Roraima",
            "sigla": "RR",
            "created_at": "2021-03-25 04:31:30",
            "updated_at": "2021-03-25 04:31:30"
        },
        {
            "id": "223",
            "state_id": "15",
            "name": "Pará",
            "sigla": "PA",
            "created_at": "2021-03-25 04:31:30",
            "updated_at": "2021-03-25 04:31:30"
        },
        {
            "id": "224",
            "state_id": "16",
            "name": "Amapá",
            "sigla": "AP",
            "created_at": "2021-03-25 04:31:30",
            "updated_at": "2021-03-25 04:31:30"
        },
        {
            "id": "225",
            "state_id": "17",
            "name": "Tocantins",
            "sigla": "TO",
            "created_at": "2021-03-25 04:31:30",
            "updated_at": "2021-03-25 04:31:30"
        },
        {
            "id": "226",
            "state_id": "21",
            "name": "Maranhão",
            "sigla": "MA",
            "created_at": "2021-03-25 04:31:30",
            "updated_at": "2021-03-25 04:31:30"
        },
        {
            "id": "227",
            "state_id": "22",
            "name": "Piauí",
            "sigla": "PI",
            "created_at": "2021-03-25 04:31:30",
            "updated_at": "2021-03-25 04:31:30"
        },
        {
            "id": "228",
            "state_id": "23",
            "name": "Ceará",
            "sigla": "CE",
            "created_at": "2021-03-25 04:31:30",
            "updated_at": "2021-03-25 04:31:30"
        },
        {
            "id": "229",
            "state_id": "24",
            "name": "Rio Grande do Norte",
            "sigla": "RN",
            "created_at": "2021-03-25 04:31:30",
            "updated_at": "2021-03-25 04:31:30"
        },
        {
            "id": "230",
            "state_id": "25",
            "name": "Paraíba",
            "sigla": "PB",
            "created_at": "2021-03-25 04:31:30",
            "updated_at": "2021-03-25 04:31:30"
        },
        {
            "id": "231",
            "state_id": "26",
            "name": "Pernambuco",
            "sigla": "PE",
            "created_at": "2021-03-25 04:31:30",
            "updated_at": "2021-03-25 04:31:30"
        },
        {
            "id": "232",
            "state_id": "27",
            "name": "Alagoas",
            "sigla": "AL",
            "created_at": "2021-03-25 04:31:30",
            "updated_at": "2021-03-25 04:31:30"
        },
        {
            "id": "233",
            "state_id": "28",
            "name": "Sergipe",
            "sigla": "SE",
            "created_at": "2021-03-25 04:31:30",
            "updated_at": "2021-03-25 04:31:30"
        },
        {
            "id": "234",
            "state_id": "29",
            "name": "Bahia",
            "sigla": "BA",
            "created_at": "2021-03-25 04:31:30",
            "updated_at": "2021-03-25 04:31:30"
        },
        {
            "id": "235",
            "state_id": "31",
            "name": "Minas Gerais",
            "sigla": "MG",
            "created_at": "2021-03-25 04:31:30",
            "updated_at": "2021-03-25 04:31:30"
        },
        {
            "id": "236",
            "state_id": "32",
            "name": "Espírito Santo",
            "sigla": "ES",
            "created_at": "2021-03-25 04:31:30",
            "updated_at": "2021-03-25 04:31:30"
        },
        {
            "id": "237",
            "state_id": "33",
            "name": "Rio de Janeiro",
            "sigla": "RJ",
            "created_at": "2021-03-25 04:31:30",
            "updated_at": "2021-03-25 04:31:30"
        },
        {
            "id": "238",
            "state_id": "35",
            "name": "São Paulo",
            "sigla": "SP",
            "created_at": "2021-03-25 04:31:30",
            "updated_at": "2021-03-25 04:31:30"
        },
        {
            "id": "239",
            "state_id": "41",
            "name": "Paraná",
            "sigla": "PR",
            "created_at": "2021-03-25 04:31:30",
            "updated_at": "2021-03-25 04:31:30"
        },
        {
            "id": "240",
            "state_id": "42",
            "name": "Santa Catarina",
            "sigla": "SC",
            "created_at": "2021-03-25 04:31:30",
            "updated_at": "2021-03-25 04:31:30"
        },
        {
            "id": "241",
            "state_id": "43",
            "name": "Rio Grande do Sul",
            "sigla": "RS",
            "created_at": "2021-03-25 04:31:30",
            "updated_at": "2021-03-25 04:31:30"
        },
        {
            "id": "242",
            "state_id": "50",
            "name": "Mato Grosso do Sul",
            "sigla": "MS",
            "created_at": "2021-03-25 04:31:30",
            "updated_at": "2021-03-25 04:31:30"
        },
        {
            "id": "243",
            "state_id": "51",
            "name": "Mato Grosso",
            "sigla": "MT",
            "created_at": "2021-03-25 04:31:30",
            "updated_at": "2021-03-25 04:31:30"
        },
        {
            "id": "244",
            "state_id": "52",
            "name": "Goiás",
            "sigla": "GO",
            "created_at": "2021-03-25 04:31:30",
            "updated_at": "2021-03-25 04:31:30"
        },
        {
            "id": "245",
            "state_id": "53",
            "name": "Distrito Federal",
            "sigla": "DF",
            "created_at": "2021-03-25 04:31:30",
            "updated_at": "2021-03-25 04:31:30"
        },
        {
            "id": "246",
            "state_id": "11",
            "name": "Rondônia",
            "sigla": "RO",
            "created_at": "2021-03-25 05:46:55",
            "updated_at": "2021-03-25 05:46:55"
        },
        {
            "id": "247",
            "state_id": "12",
            "name": "Acre",
            "sigla": "AC",
            "created_at": "2021-03-25 05:46:55",
            "updated_at": "2021-03-25 05:46:55"
        },
        {
            "id": "248",
            "state_id": "13",
            "name": "Amazonas",
            "sigla": "AM",
            "created_at": "2021-03-25 05:46:55",
            "updated_at": "2021-03-25 05:46:55"
        },
        {
            "id": "249",
            "state_id": "14",
            "name": "Roraima",
            "sigla": "RR",
            "created_at": "2021-03-25 05:46:55",
            "updated_at": "2021-03-25 05:46:55"
        },
        {
            "id": "250",
            "state_id": "15",
            "name": "Pará",
            "sigla": "PA",
            "created_at": "2021-03-25 05:46:55",
            "updated_at": "2021-03-25 05:46:55"
        },
        {
            "id": "251",
            "state_id": "16",
            "name": "Amapá",
            "sigla": "AP",
            "created_at": "2021-03-25 05:46:55",
            "updated_at": "2021-03-25 05:46:55"
        },
        {
            "id": "252",
            "state_id": "17",
            "name": "Tocantins",
            "sigla": "TO",
            "created_at": "2021-03-25 05:46:55",
            "updated_at": "2021-03-25 05:46:55"
        },
        {
            "id": "253",
            "state_id": "21",
            "name": "Maranhão",
            "sigla": "MA",
            "created_at": "2021-03-25 05:46:56",
            "updated_at": "2021-03-25 05:46:56"
        },
        {
            "id": "254",
            "state_id": "22",
            "name": "Piauí",
            "sigla": "PI",
            "created_at": "2021-03-25 05:46:56",
            "updated_at": "2021-03-25 05:46:56"
        },
        {
            "id": "255",
            "state_id": "23",
            "name": "Ceará",
            "sigla": "CE",
            "created_at": "2021-03-25 05:46:56",
            "updated_at": "2021-03-25 05:46:56"
        },
        {
            "id": "256",
            "state_id": "24",
            "name": "Rio Grande do Norte",
            "sigla": "RN",
            "created_at": "2021-03-25 05:46:56",
            "updated_at": "2021-03-25 05:46:56"
        },
        {
            "id": "257",
            "state_id": "25",
            "name": "Paraíba",
            "sigla": "PB",
            "created_at": "2021-03-25 05:46:56",
            "updated_at": "2021-03-25 05:46:56"
        },
        {
            "id": "258",
            "state_id": "26",
            "name": "Pernambuco",
            "sigla": "PE",
            "created_at": "2021-03-25 05:46:56",
            "updated_at": "2021-03-25 05:46:56"
        },
        {
            "id": "259",
            "state_id": "27",
            "name": "Alagoas",
            "sigla": "AL",
            "created_at": "2021-03-25 05:46:56",
            "updated_at": "2021-03-25 05:46:56"
        },
        {
            "id": "260",
            "state_id": "28",
            "name": "Sergipe",
            "sigla": "SE",
            "created_at": "2021-03-25 05:46:56",
            "updated_at": "2021-03-25 05:46:56"
        },
        {
            "id": "261",
            "state_id": "29",
            "name": "Bahia",
            "sigla": "BA",
            "created_at": "2021-03-25 05:46:56",
            "updated_at": "2021-03-25 05:46:56"
        },
        {
            "id": "262",
            "state_id": "31",
            "name": "Minas Gerais",
            "sigla": "MG",
            "created_at": "2021-03-25 05:46:56",
            "updated_at": "2021-03-25 05:46:56"
        },
        {
            "id": "263",
            "state_id": "32",
            "name": "Espírito Santo",
            "sigla": "ES",
            "created_at": "2021-03-25 05:46:56",
            "updated_at": "2021-03-25 05:46:56"
        },
        {
            "id": "264",
            "state_id": "33",
            "name": "Rio de Janeiro",
            "sigla": "RJ",
            "created_at": "2021-03-25 05:46:56",
            "updated_at": "2021-03-25 05:46:56"
        },
        {
            "id": "265",
            "state_id": "35",
            "name": "São Paulo",
            "sigla": "SP",
            "created_at": "2021-03-25 05:46:56",
            "updated_at": "2021-03-25 05:46:56"
        },
        {
            "id": "266",
            "state_id": "41",
            "name": "Paraná",
            "sigla": "PR",
            "created_at": "2021-03-25 05:46:56",
            "updated_at": "2021-03-25 05:46:56"
        },
        {
            "id": "267",
            "state_id": "42",
            "name": "Santa Catarina",
            "sigla": "SC",
            "created_at": "2021-03-25 05:46:56",
            "updated_at": "2021-03-25 05:46:56"
        },
        {
            "id": "268",
            "state_id": "43",
            "name": "Rio Grande do Sul",
            "sigla": "RS",
            "created_at": "2021-03-25 05:46:56",
            "updated_at": "2021-03-25 05:46:56"
        },
        {
            "id": "269",
            "state_id": "50",
            "name": "Mato Grosso do Sul",
            "sigla": "MS",
            "created_at": "2021-03-25 05:46:56",
            "updated_at": "2021-03-25 05:46:56"
        },
        {
            "id": "270",
            "state_id": "51",
            "name": "Mato Grosso",
            "sigla": "MT",
            "created_at": "2021-03-25 05:46:56",
            "updated_at": "2021-03-25 05:46:56"
        },
        {
            "id": "271",
            "state_id": "52",
            "name": "Goiás",
            "sigla": "GO",
            "created_at": "2021-03-25 05:46:56",
            "updated_at": "2021-03-25 05:46:56"
        },
        {
            "id": "272",
            "state_id": "53",
            "name": "Distrito Federal",
            "sigla": "DF",
            "created_at": "2021-03-25 05:46:56",
            "updated_at": "2021-03-25 05:46:56"
        },
        {
            "id": "273",
            "state_id": "11",
            "name": "Rondônia",
            "sigla": "RO",
            "created_at": "2021-03-25 05:53:18",
            "updated_at": "2021-03-25 05:53:18"
        },
        {
            "id": "274",
            "state_id": "12",
            "name": "Acre",
            "sigla": "AC",
            "created_at": "2021-03-25 05:53:18",
            "updated_at": "2021-03-25 05:53:18"
        },
        {
            "id": "275",
            "state_id": "13",
            "name": "Amazonas",
            "sigla": "AM",
            "created_at": "2021-03-25 05:53:18",
            "updated_at": "2021-03-25 05:53:18"
        },
        {
            "id": "276",
            "state_id": "14",
            "name": "Roraima",
            "sigla": "RR",
            "created_at": "2021-03-25 05:53:18",
            "updated_at": "2021-03-25 05:53:18"
        },
        {
            "id": "277",
            "state_id": "15",
            "name": "Pará",
            "sigla": "PA",
            "created_at": "2021-03-25 05:53:18",
            "updated_at": "2021-03-25 05:53:18"
        },
        {
            "id": "278",
            "state_id": "16",
            "name": "Amapá",
            "sigla": "AP",
            "created_at": "2021-03-25 05:53:18",
            "updated_at": "2021-03-25 05:53:18"
        },
        {
            "id": "279",
            "state_id": "17",
            "name": "Tocantins",
            "sigla": "TO",
            "created_at": "2021-03-25 05:53:18",
            "updated_at": "2021-03-25 05:53:18"
        },
        {
            "id": "280",
            "state_id": "21",
            "name": "Maranhão",
            "sigla": "MA",
            "created_at": "2021-03-25 05:53:18",
            "updated_at": "2021-03-25 05:53:18"
        },
        {
            "id": "281",
            "state_id": "22",
            "name": "Piauí",
            "sigla": "PI",
            "created_at": "2021-03-25 05:53:18",
            "updated_at": "2021-03-25 05:53:18"
        },
        {
            "id": "282",
            "state_id": "23",
            "name": "Ceará",
            "sigla": "CE",
            "created_at": "2021-03-25 05:53:18",
            "updated_at": "2021-03-25 05:53:18"
        },
        {
            "id": "283",
            "state_id": "24",
            "name": "Rio Grande do Norte",
            "sigla": "RN",
            "created_at": "2021-03-25 05:53:18",
            "updated_at": "2021-03-25 05:53:18"
        },
        {
            "id": "284",
            "state_id": "25",
            "name": "Paraíba",
            "sigla": "PB",
            "created_at": "2021-03-25 05:53:18",
            "updated_at": "2021-03-25 05:53:18"
        },
        {
            "id": "285",
            "state_id": "26",
            "name": "Pernambuco",
            "sigla": "PE",
            "created_at": "2021-03-25 05:53:18",
            "updated_at": "2021-03-25 05:53:18"
        },
        {
            "id": "286",
            "state_id": "27",
            "name": "Alagoas",
            "sigla": "AL",
            "created_at": "2021-03-25 05:53:18",
            "updated_at": "2021-03-25 05:53:18"
        },
        {
            "id": "287",
            "state_id": "28",
            "name": "Sergipe",
            "sigla": "SE",
            "created_at": "2021-03-25 05:53:18",
            "updated_at": "2021-03-25 05:53:18"
        },
        {
            "id": "288",
            "state_id": "29",
            "name": "Bahia",
            "sigla": "BA",
            "created_at": "2021-03-25 05:53:18",
            "updated_at": "2021-03-25 05:53:18"
        },
        {
            "id": "289",
            "state_id": "31",
            "name": "Minas Gerais",
            "sigla": "MG",
            "created_at": "2021-03-25 05:53:18",
            "updated_at": "2021-03-25 05:53:18"
        },
        {
            "id": "290",
            "state_id": "32",
            "name": "Espírito Santo",
            "sigla": "ES",
            "created_at": "2021-03-25 05:53:18",
            "updated_at": "2021-03-25 05:53:18"
        },
        {
            "id": "291",
            "state_id": "33",
            "name": "Rio de Janeiro",
            "sigla": "RJ",
            "created_at": "2021-03-25 05:53:18",
            "updated_at": "2021-03-25 05:53:18"
        },
        {
            "id": "292",
            "state_id": "35",
            "name": "São Paulo",
            "sigla": "SP",
            "created_at": "2021-03-25 05:53:18",
            "updated_at": "2021-03-25 05:53:18"
        },
        {
            "id": "293",
            "state_id": "41",
            "name": "Paraná",
            "sigla": "PR",
            "created_at": "2021-03-25 05:53:18",
            "updated_at": "2021-03-25 05:53:18"
        },
        {
            "id": "294",
            "state_id": "42",
            "name": "Santa Catarina",
            "sigla": "SC",
            "created_at": "2021-03-25 05:53:18",
            "updated_at": "2021-03-25 05:53:18"
        },
        {
            "id": "295",
            "state_id": "43",
            "name": "Rio Grande do Sul",
            "sigla": "RS",
            "created_at": "2021-03-25 05:53:18",
            "updated_at": "2021-03-25 05:53:18"
        },
        {
            "id": "296",
            "state_id": "50",
            "name": "Mato Grosso do Sul",
            "sigla": "MS",
            "created_at": "2021-03-25 05:53:18",
            "updated_at": "2021-03-25 05:53:18"
        },
        {
            "id": "297",
            "state_id": "51",
            "name": "Mato Grosso",
            "sigla": "MT",
            "created_at": "2021-03-25 05:53:18",
            "updated_at": "2021-03-25 05:53:18"
        },
        {
            "id": "298",
            "state_id": "52",
            "name": "Goiás",
            "sigla": "GO",
            "created_at": "2021-03-25 05:53:18",
            "updated_at": "2021-03-25 05:53:18"
        },
        {
            "id": "299",
            "state_id": "53",
            "name": "Distrito Federal",
            "sigla": "DF",
            "created_at": "2021-03-25 05:53:18",
            "updated_at": "2021-03-25 05:53:18"
        },
        {
            "id": "300",
            "state_id": "11",
            "name": "Rondônia",
            "sigla": "RO",
            "created_at": "2021-03-25 05:57:24",
            "updated_at": "2021-03-25 05:57:24"
        },
        {
            "id": "301",
            "state_id": "12",
            "name": "Acre",
            "sigla": "AC",
            "created_at": "2021-03-25 05:57:24",
            "updated_at": "2021-03-25 05:57:24"
        },
        {
            "id": "302",
            "state_id": "13",
            "name": "Amazonas",
            "sigla": "AM",
            "created_at": "2021-03-25 05:57:24",
            "updated_at": "2021-03-25 05:57:24"
        },
        {
            "id": "303",
            "state_id": "14",
            "name": "Roraima",
            "sigla": "RR",
            "created_at": "2021-03-25 05:57:24",
            "updated_at": "2021-03-25 05:57:24"
        },
        {
            "id": "304",
            "state_id": "15",
            "name": "Pará",
            "sigla": "PA",
            "created_at": "2021-03-25 05:57:24",
            "updated_at": "2021-03-25 05:57:24"
        },
        {
            "id": "305",
            "state_id": "16",
            "name": "Amapá",
            "sigla": "AP",
            "created_at": "2021-03-25 05:57:24",
            "updated_at": "2021-03-25 05:57:24"
        },
        {
            "id": "306",
            "state_id": "17",
            "name": "Tocantins",
            "sigla": "TO",
            "created_at": "2021-03-25 05:57:24",
            "updated_at": "2021-03-25 05:57:24"
        },
        {
            "id": "307",
            "state_id": "21",
            "name": "Maranhão",
            "sigla": "MA",
            "created_at": "2021-03-25 05:57:24",
            "updated_at": "2021-03-25 05:57:24"
        },
        {
            "id": "308",
            "state_id": "22",
            "name": "Piauí",
            "sigla": "PI",
            "created_at": "2021-03-25 05:57:24",
            "updated_at": "2021-03-25 05:57:24"
        },
        {
            "id": "309",
            "state_id": "23",
            "name": "Ceará",
            "sigla": "CE",
            "created_at": "2021-03-25 05:57:24",
            "updated_at": "2021-03-25 05:57:24"
        },
        {
            "id": "310",
            "state_id": "24",
            "name": "Rio Grande do Norte",
            "sigla": "RN",
            "created_at": "2021-03-25 05:57:24",
            "updated_at": "2021-03-25 05:57:24"
        },
        {
            "id": "311",
            "state_id": "25",
            "name": "Paraíba",
            "sigla": "PB",
            "created_at": "2021-03-25 05:57:24",
            "updated_at": "2021-03-25 05:57:24"
        },
        {
            "id": "312",
            "state_id": "26",
            "name": "Pernambuco",
            "sigla": "PE",
            "created_at": "2021-03-25 05:57:24",
            "updated_at": "2021-03-25 05:57:24"
        },
        {
            "id": "313",
            "state_id": "27",
            "name": "Alagoas",
            "sigla": "AL",
            "created_at": "2021-03-25 05:57:24",
            "updated_at": "2021-03-25 05:57:24"
        },
        {
            "id": "314",
            "state_id": "28",
            "name": "Sergipe",
            "sigla": "SE",
            "created_at": "2021-03-25 05:57:24",
            "updated_at": "2021-03-25 05:57:24"
        },
        {
            "id": "315",
            "state_id": "29",
            "name": "Bahia",
            "sigla": "BA",
            "created_at": "2021-03-25 05:57:24",
            "updated_at": "2021-03-25 05:57:24"
        },
        {
            "id": "316",
            "state_id": "31",
            "name": "Minas Gerais",
            "sigla": "MG",
            "created_at": "2021-03-25 05:57:24",
            "updated_at": "2021-03-25 05:57:24"
        },
        {
            "id": "317",
            "state_id": "32",
            "name": "Espírito Santo",
            "sigla": "ES",
            "created_at": "2021-03-25 05:57:24",
            "updated_at": "2021-03-25 05:57:24"
        },
        {
            "id": "318",
            "state_id": "33",
            "name": "Rio de Janeiro",
            "sigla": "RJ",
            "created_at": "2021-03-25 05:57:24",
            "updated_at": "2021-03-25 05:57:24"
        },
        {
            "id": "319",
            "state_id": "35",
            "name": "São Paulo",
            "sigla": "SP",
            "created_at": "2021-03-25 05:57:24",
            "updated_at": "2021-03-25 05:57:24"
        },
        {
            "id": "320",
            "state_id": "41",
            "name": "Paraná",
            "sigla": "PR",
            "created_at": "2021-03-25 05:57:24",
            "updated_at": "2021-03-25 05:57:24"
        },
        {
            "id": "321",
            "state_id": "42",
            "name": "Santa Catarina",
            "sigla": "SC",
            "created_at": "2021-03-25 05:57:24",
            "updated_at": "2021-03-25 05:57:24"
        },
        {
            "id": "322",
            "state_id": "43",
            "name": "Rio Grande do Sul",
            "sigla": "RS",
            "created_at": "2021-03-25 05:57:24",
            "updated_at": "2021-03-25 05:57:24"
        },
        {
            "id": "323",
            "state_id": "50",
            "name": "Mato Grosso do Sul",
            "sigla": "MS",
            "created_at": "2021-03-25 05:57:24",
            "updated_at": "2021-03-25 05:57:24"
        },
        {
            "id": "324",
            "state_id": "51",
            "name": "Mato Grosso",
            "sigla": "MT",
            "created_at": "2021-03-25 05:57:24",
            "updated_at": "2021-03-25 05:57:24"
        },
        {
            "id": "325",
            "state_id": "52",
            "name": "Goiás",
            "sigla": "GO",
            "created_at": "2021-03-25 05:57:24",
            "updated_at": "2021-03-25 05:57:24"
        },
        {
            "id": "326",
            "state_id": "53",
            "name": "Distrito Federal",
            "sigla": "DF",
            "created_at": "2021-03-25 05:57:24",
            "updated_at": "2021-03-25 05:57:24"
        },
        {
            "id": "327",
            "state_id": "11",
            "name": "Rondônia",
            "sigla": "RO",
            "created_at": "2021-03-25 06:10:25",
            "updated_at": "2021-03-25 06:10:25"
        },
        {
            "id": "328",
            "state_id": "12",
            "name": "Acre",
            "sigla": "AC",
            "created_at": "2021-03-25 06:10:25",
            "updated_at": "2021-03-25 06:10:25"
        },
        {
            "id": "329",
            "state_id": "13",
            "name": "Amazonas",
            "sigla": "AM",
            "created_at": "2021-03-25 06:10:25",
            "updated_at": "2021-03-25 06:10:25"
        },
        {
            "id": "330",
            "state_id": "14",
            "name": "Roraima",
            "sigla": "RR",
            "created_at": "2021-03-25 06:10:25",
            "updated_at": "2021-03-25 06:10:25"
        },
        {
            "id": "331",
            "state_id": "15",
            "name": "Pará",
            "sigla": "PA",
            "created_at": "2021-03-25 06:10:25",
            "updated_at": "2021-03-25 06:10:25"
        },
        {
            "id": "332",
            "state_id": "16",
            "name": "Amapá",
            "sigla": "AP",
            "created_at": "2021-03-25 06:10:25",
            "updated_at": "2021-03-25 06:10:25"
        },
        {
            "id": "333",
            "state_id": "17",
            "name": "Tocantins",
            "sigla": "TO",
            "created_at": "2021-03-25 06:10:25",
            "updated_at": "2021-03-25 06:10:25"
        },
        {
            "id": "334",
            "state_id": "21",
            "name": "Maranhão",
            "sigla": "MA",
            "created_at": "2021-03-25 06:10:25",
            "updated_at": "2021-03-25 06:10:25"
        },
        {
            "id": "335",
            "state_id": "22",
            "name": "Piauí",
            "sigla": "PI",
            "created_at": "2021-03-25 06:10:25",
            "updated_at": "2021-03-25 06:10:25"
        },
        {
            "id": "336",
            "state_id": "23",
            "name": "Ceará",
            "sigla": "CE",
            "created_at": "2021-03-25 06:10:25",
            "updated_at": "2021-03-25 06:10:25"
        },
        {
            "id": "337",
            "state_id": "24",
            "name": "Rio Grande do Norte",
            "sigla": "RN",
            "created_at": "2021-03-25 06:10:25",
            "updated_at": "2021-03-25 06:10:25"
        },
        {
            "id": "338",
            "state_id": "25",
            "name": "Paraíba",
            "sigla": "PB",
            "created_at": "2021-03-25 06:10:25",
            "updated_at": "2021-03-25 06:10:25"
        },
        {
            "id": "339",
            "state_id": "26",
            "name": "Pernambuco",
            "sigla": "PE",
            "created_at": "2021-03-25 06:10:25",
            "updated_at": "2021-03-25 06:10:25"
        },
        {
            "id": "340",
            "state_id": "27",
            "name": "Alagoas",
            "sigla": "AL",
            "created_at": "2021-03-25 06:10:25",
            "updated_at": "2021-03-25 06:10:25"
        },
        {
            "id": "341",
            "state_id": "28",
            "name": "Sergipe",
            "sigla": "SE",
            "created_at": "2021-03-25 06:10:25",
            "updated_at": "2021-03-25 06:10:25"
        },
        {
            "id": "342",
            "state_id": "29",
            "name": "Bahia",
            "sigla": "BA",
            "created_at": "2021-03-25 06:10:25",
            "updated_at": "2021-03-25 06:10:25"
        },
        {
            "id": "343",
            "state_id": "31",
            "name": "Minas Gerais",
            "sigla": "MG",
            "created_at": "2021-03-25 06:10:25",
            "updated_at": "2021-03-25 06:10:25"
        },
        {
            "id": "344",
            "state_id": "32",
            "name": "Espírito Santo",
            "sigla": "ES",
            "created_at": "2021-03-25 06:10:25",
            "updated_at": "2021-03-25 06:10:25"
        },
        {
            "id": "345",
            "state_id": "33",
            "name": "Rio de Janeiro",
            "sigla": "RJ",
            "created_at": "2021-03-25 06:10:25",
            "updated_at": "2021-03-25 06:10:25"
        },
        {
            "id": "346",
            "state_id": "35",
            "name": "São Paulo",
            "sigla": "SP",
            "created_at": "2021-03-25 06:10:25",
            "updated_at": "2021-03-25 06:10:25"
        },
        {
            "id": "347",
            "state_id": "41",
            "name": "Paraná",
            "sigla": "PR",
            "created_at": "2021-03-25 06:10:25",
            "updated_at": "2021-03-25 06:10:25"
        },
        {
            "id": "348",
            "state_id": "42",
            "name": "Santa Catarina",
            "sigla": "SC",
            "created_at": "2021-03-25 06:10:25",
            "updated_at": "2021-03-25 06:10:25"
        },
        {
            "id": "349",
            "state_id": "43",
            "name": "Rio Grande do Sul",
            "sigla": "RS",
            "created_at": "2021-03-25 06:10:25",
            "updated_at": "2021-03-25 06:10:25"
        },
        {
            "id": "350",
            "state_id": "50",
            "name": "Mato Grosso do Sul",
            "sigla": "MS",
            "created_at": "2021-03-25 06:10:25",
            "updated_at": "2021-03-25 06:10:25"
        },
        {
            "id": "351",
            "state_id": "51",
            "name": "Mato Grosso",
            "sigla": "MT",
            "created_at": "2021-03-25 06:10:25",
            "updated_at": "2021-03-25 06:10:25"
        },
        {
            "id": "352",
            "state_id": "52",
            "name": "Goiás",
            "sigla": "GO",
            "created_at": "2021-03-25 06:10:25",
            "updated_at": "2021-03-25 06:10:25"
        },
        {
            "id": "353",
            "state_id": "53",
            "name": "Distrito Federal",
            "sigla": "DF",
            "created_at": "2021-03-25 06:10:25",
            "updated_at": "2021-03-25 06:10:25"
        },
        {
            "id": "354",
            "state_id": "11",
            "name": "Rondônia",
            "sigla": "RO",
            "created_at": "2021-03-25 06:10:58",
            "updated_at": "2021-03-25 06:10:58"
        },
        {
            "id": "355",
            "state_id": "12",
            "name": "Acre",
            "sigla": "AC",
            "created_at": "2021-03-25 06:10:58",
            "updated_at": "2021-03-25 06:10:58"
        },
        {
            "id": "356",
            "state_id": "13",
            "name": "Amazonas",
            "sigla": "AM",
            "created_at": "2021-03-25 06:10:58",
            "updated_at": "2021-03-25 06:10:58"
        },
        {
            "id": "357",
            "state_id": "14",
            "name": "Roraima",
            "sigla": "RR",
            "created_at": "2021-03-25 06:10:58",
            "updated_at": "2021-03-25 06:10:58"
        },
        {
            "id": "358",
            "state_id": "15",
            "name": "Pará",
            "sigla": "PA",
            "created_at": "2021-03-25 06:10:58",
            "updated_at": "2021-03-25 06:10:58"
        },
        {
            "id": "359",
            "state_id": "16",
            "name": "Amapá",
            "sigla": "AP",
            "created_at": "2021-03-25 06:10:58",
            "updated_at": "2021-03-25 06:10:58"
        },
        {
            "id": "360",
            "state_id": "17",
            "name": "Tocantins",
            "sigla": "TO",
            "created_at": "2021-03-25 06:10:58",
            "updated_at": "2021-03-25 06:10:58"
        },
        {
            "id": "361",
            "state_id": "21",
            "name": "Maranhão",
            "sigla": "MA",
            "created_at": "2021-03-25 06:10:58",
            "updated_at": "2021-03-25 06:10:58"
        },
        {
            "id": "362",
            "state_id": "22",
            "name": "Piauí",
            "sigla": "PI",
            "created_at": "2021-03-25 06:10:58",
            "updated_at": "2021-03-25 06:10:58"
        },
        {
            "id": "363",
            "state_id": "23",
            "name": "Ceará",
            "sigla": "CE",
            "created_at": "2021-03-25 06:10:58",
            "updated_at": "2021-03-25 06:10:58"
        },
        {
            "id": "364",
            "state_id": "24",
            "name": "Rio Grande do Norte",
            "sigla": "RN",
            "created_at": "2021-03-25 06:10:58",
            "updated_at": "2021-03-25 06:10:58"
        },
        {
            "id": "365",
            "state_id": "25",
            "name": "Paraíba",
            "sigla": "PB",
            "created_at": "2021-03-25 06:10:58",
            "updated_at": "2021-03-25 06:10:58"
        },
        {
            "id": "366",
            "state_id": "26",
            "name": "Pernambuco",
            "sigla": "PE",
            "created_at": "2021-03-25 06:10:58",
            "updated_at": "2021-03-25 06:10:58"
        },
        {
            "id": "367",
            "state_id": "27",
            "name": "Alagoas",
            "sigla": "AL",
            "created_at": "2021-03-25 06:10:58",
            "updated_at": "2021-03-25 06:10:58"
        },
        {
            "id": "368",
            "state_id": "28",
            "name": "Sergipe",
            "sigla": "SE",
            "created_at": "2021-03-25 06:10:58",
            "updated_at": "2021-03-25 06:10:58"
        },
        {
            "id": "369",
            "state_id": "29",
            "name": "Bahia",
            "sigla": "BA",
            "created_at": "2021-03-25 06:10:58",
            "updated_at": "2021-03-25 06:10:58"
        },
        {
            "id": "370",
            "state_id": "31",
            "name": "Minas Gerais",
            "sigla": "MG",
            "created_at": "2021-03-25 06:10:58",
            "updated_at": "2021-03-25 06:10:58"
        },
        {
            "id": "371",
            "state_id": "32",
            "name": "Espírito Santo",
            "sigla": "ES",
            "created_at": "2021-03-25 06:10:58",
            "updated_at": "2021-03-25 06:10:58"
        },
        {
            "id": "372",
            "state_id": "33",
            "name": "Rio de Janeiro",
            "sigla": "RJ",
            "created_at": "2021-03-25 06:10:58",
            "updated_at": "2021-03-25 06:10:58"
        },
        {
            "id": "373",
            "state_id": "35",
            "name": "São Paulo",
            "sigla": "SP",
            "created_at": "2021-03-25 06:10:58",
            "updated_at": "2021-03-25 06:10:58"
        },
        {
            "id": "374",
            "state_id": "41",
            "name": "Paraná",
            "sigla": "PR",
            "created_at": "2021-03-25 06:10:58",
            "updated_at": "2021-03-25 06:10:58"
        },
        {
            "id": "375",
            "state_id": "42",
            "name": "Santa Catarina",
            "sigla": "SC",
            "created_at": "2021-03-25 06:10:58",
            "updated_at": "2021-03-25 06:10:58"
        },
        {
            "id": "376",
            "state_id": "43",
            "name": "Rio Grande do Sul",
            "sigla": "RS",
            "created_at": "2021-03-25 06:10:58",
            "updated_at": "2021-03-25 06:10:58"
        },
        {
            "id": "377",
            "state_id": "50",
            "name": "Mato Grosso do Sul",
            "sigla": "MS",
            "created_at": "2021-03-25 06:10:58",
            "updated_at": "2021-03-25 06:10:58"
        },
        {
            "id": "378",
            "state_id": "51",
            "name": "Mato Grosso",
            "sigla": "MT",
            "created_at": "2021-03-25 06:10:58",
            "updated_at": "2021-03-25 06:10:58"
        },
        {
            "id": "379",
            "state_id": "52",
            "name": "Goiás",
            "sigla": "GO",
            "created_at": "2021-03-25 06:10:58",
            "updated_at": "2021-03-25 06:10:58"
        },
        {
            "id": "380",
            "state_id": "53",
            "name": "Distrito Federal",
            "sigla": "DF",
            "created_at": "2021-03-25 06:10:58",
            "updated_at": "2021-03-25 06:10:58"
        },
        {
            "id": "381",
            "state_id": "11",
            "name": "Rondônia",
            "sigla": "RO",
            "created_at": "2021-03-25 06:11:17",
            "updated_at": "2021-03-25 06:11:17"
        },
        {
            "id": "382",
            "state_id": "12",
            "name": "Acre",
            "sigla": "AC",
            "created_at": "2021-03-25 06:11:17",
            "updated_at": "2021-03-25 06:11:17"
        },
        {
            "id": "383",
            "state_id": "13",
            "name": "Amazonas",
            "sigla": "AM",
            "created_at": "2021-03-25 06:11:17",
            "updated_at": "2021-03-25 06:11:17"
        },
        {
            "id": "384",
            "state_id": "14",
            "name": "Roraima",
            "sigla": "RR",
            "created_at": "2021-03-25 06:11:17",
            "updated_at": "2021-03-25 06:11:17"
        },
        {
            "id": "385",
            "state_id": "15",
            "name": "Pará",
            "sigla": "PA",
            "created_at": "2021-03-25 06:11:17",
            "updated_at": "2021-03-25 06:11:17"
        },
        {
            "id": "386",
            "state_id": "16",
            "name": "Amapá",
            "sigla": "AP",
            "created_at": "2021-03-25 06:11:17",
            "updated_at": "2021-03-25 06:11:17"
        },
        {
            "id": "387",
            "state_id": "17",
            "name": "Tocantins",
            "sigla": "TO",
            "created_at": "2021-03-25 06:11:17",
            "updated_at": "2021-03-25 06:11:17"
        },
        {
            "id": "388",
            "state_id": "21",
            "name": "Maranhão",
            "sigla": "MA",
            "created_at": "2021-03-25 06:11:17",
            "updated_at": "2021-03-25 06:11:17"
        },
        {
            "id": "389",
            "state_id": "22",
            "name": "Piauí",
            "sigla": "PI",
            "created_at": "2021-03-25 06:11:17",
            "updated_at": "2021-03-25 06:11:17"
        },
        {
            "id": "390",
            "state_id": "23",
            "name": "Ceará",
            "sigla": "CE",
            "created_at": "2021-03-25 06:11:17",
            "updated_at": "2021-03-25 06:11:17"
        },
        {
            "id": "391",
            "state_id": "24",
            "name": "Rio Grande do Norte",
            "sigla": "RN",
            "created_at": "2021-03-25 06:11:17",
            "updated_at": "2021-03-25 06:11:17"
        },
        {
            "id": "392",
            "state_id": "25",
            "name": "Paraíba",
            "sigla": "PB",
            "created_at": "2021-03-25 06:11:17",
            "updated_at": "2021-03-25 06:11:17"
        },
        {
            "id": "393",
            "state_id": "26",
            "name": "Pernambuco",
            "sigla": "PE",
            "created_at": "2021-03-25 06:11:17",
            "updated_at": "2021-03-25 06:11:17"
        },
        {
            "id": "394",
            "state_id": "27",
            "name": "Alagoas",
            "sigla": "AL",
            "created_at": "2021-03-25 06:11:17",
            "updated_at": "2021-03-25 06:11:17"
        },
        {
            "id": "395",
            "state_id": "28",
            "name": "Sergipe",
            "sigla": "SE",
            "created_at": "2021-03-25 06:11:17",
            "updated_at": "2021-03-25 06:11:17"
        },
        {
            "id": "396",
            "state_id": "29",
            "name": "Bahia",
            "sigla": "BA",
            "created_at": "2021-03-25 06:11:17",
            "updated_at": "2021-03-25 06:11:17"
        },
        {
            "id": "397",
            "state_id": "31",
            "name": "Minas Gerais",
            "sigla": "MG",
            "created_at": "2021-03-25 06:11:17",
            "updated_at": "2021-03-25 06:11:17"
        },
        {
            "id": "398",
            "state_id": "32",
            "name": "Espírito Santo",
            "sigla": "ES",
            "created_at": "2021-03-25 06:11:17",
            "updated_at": "2021-03-25 06:11:17"
        },
        {
            "id": "399",
            "state_id": "33",
            "name": "Rio de Janeiro",
            "sigla": "RJ",
            "created_at": "2021-03-25 06:11:17",
            "updated_at": "2021-03-25 06:11:17"
        },
        {
            "id": "400",
            "state_id": "35",
            "name": "São Paulo",
            "sigla": "SP",
            "created_at": "2021-03-25 06:11:17",
            "updated_at": "2021-03-25 06:11:17"
        },
        {
            "id": "401",
            "state_id": "41",
            "name": "Paraná",
            "sigla": "PR",
            "created_at": "2021-03-25 06:11:17",
            "updated_at": "2021-03-25 06:11:17"
        },
        {
            "id": "402",
            "state_id": "42",
            "name": "Santa Catarina",
            "sigla": "SC",
            "created_at": "2021-03-25 06:11:17",
            "updated_at": "2021-03-25 06:11:17"
        },
        {
            "id": "403",
            "state_id": "43",
            "name": "Rio Grande do Sul",
            "sigla": "RS",
            "created_at": "2021-03-25 06:11:17",
            "updated_at": "2021-03-25 06:11:17"
        },
        {
            "id": "404",
            "state_id": "50",
            "name": "Mato Grosso do Sul",
            "sigla": "MS",
            "created_at": "2021-03-25 06:11:17",
            "updated_at": "2021-03-25 06:11:17"
        },
        {
            "id": "405",
            "state_id": "51",
            "name": "Mato Grosso",
            "sigla": "MT",
            "created_at": "2021-03-25 06:11:17",
            "updated_at": "2021-03-25 06:11:17"
        },
        {
            "id": "406",
            "state_id": "52",
            "name": "Goiás",
            "sigla": "GO",
            "created_at": "2021-03-25 06:11:17",
            "updated_at": "2021-03-25 06:11:17"
        },
        {
            "id": "407",
            "state_id": "53",
            "name": "Distrito Federal",
            "sigla": "DF",
            "created_at": "2021-03-25 06:11:17",
            "updated_at": "2021-03-25 06:11:17"
        },
        {
            "id": "408",
            "state_id": "11",
            "name": "Rondônia",
            "sigla": "RO",
            "created_at": "2021-03-25 06:12:47",
            "updated_at": "2021-03-25 06:12:47"
        },
        {
            "id": "409",
            "state_id": "12",
            "name": "Acre",
            "sigla": "AC",
            "created_at": "2021-03-25 06:12:47",
            "updated_at": "2021-03-25 06:12:47"
        },
        {
            "id": "410",
            "state_id": "13",
            "name": "Amazonas",
            "sigla": "AM",
            "created_at": "2021-03-25 06:12:47",
            "updated_at": "2021-03-25 06:12:47"
        },
        {
            "id": "411",
            "state_id": "14",
            "name": "Roraima",
            "sigla": "RR",
            "created_at": "2021-03-25 06:12:47",
            "updated_at": "2021-03-25 06:12:47"
        },
        {
            "id": "412",
            "state_id": "15",
            "name": "Pará",
            "sigla": "PA",
            "created_at": "2021-03-25 06:12:47",
            "updated_at": "2021-03-25 06:12:47"
        },
        {
            "id": "413",
            "state_id": "16",
            "name": "Amapá",
            "sigla": "AP",
            "created_at": "2021-03-25 06:12:47",
            "updated_at": "2021-03-25 06:12:47"
        },
        {
            "id": "414",
            "state_id": "17",
            "name": "Tocantins",
            "sigla": "TO",
            "created_at": "2021-03-25 06:12:47",
            "updated_at": "2021-03-25 06:12:47"
        },
        {
            "id": "415",
            "state_id": "21",
            "name": "Maranhão",
            "sigla": "MA",
            "created_at": "2021-03-25 06:12:47",
            "updated_at": "2021-03-25 06:12:47"
        },
        {
            "id": "416",
            "state_id": "22",
            "name": "Piauí",
            "sigla": "PI",
            "created_at": "2021-03-25 06:12:47",
            "updated_at": "2021-03-25 06:12:47"
        },
        {
            "id": "417",
            "state_id": "23",
            "name": "Ceará",
            "sigla": "CE",
            "created_at": "2021-03-25 06:12:47",
            "updated_at": "2021-03-25 06:12:47"
        },
        {
            "id": "418",
            "state_id": "24",
            "name": "Rio Grande do Norte",
            "sigla": "RN",
            "created_at": "2021-03-25 06:12:47",
            "updated_at": "2021-03-25 06:12:47"
        },
        {
            "id": "419",
            "state_id": "25",
            "name": "Paraíba",
            "sigla": "PB",
            "created_at": "2021-03-25 06:12:47",
            "updated_at": "2021-03-25 06:12:47"
        },
        {
            "id": "420",
            "state_id": "26",
            "name": "Pernambuco",
            "sigla": "PE",
            "created_at": "2021-03-25 06:12:47",
            "updated_at": "2021-03-25 06:12:47"
        },
        {
            "id": "421",
            "state_id": "27",
            "name": "Alagoas",
            "sigla": "AL",
            "created_at": "2021-03-25 06:12:47",
            "updated_at": "2021-03-25 06:12:47"
        },
        {
            "id": "422",
            "state_id": "28",
            "name": "Sergipe",
            "sigla": "SE",
            "created_at": "2021-03-25 06:12:47",
            "updated_at": "2021-03-25 06:12:47"
        },
        {
            "id": "423",
            "state_id": "29",
            "name": "Bahia",
            "sigla": "BA",
            "created_at": "2021-03-25 06:12:47",
            "updated_at": "2021-03-25 06:12:47"
        },
        {
            "id": "424",
            "state_id": "31",
            "name": "Minas Gerais",
            "sigla": "MG",
            "created_at": "2021-03-25 06:12:47",
            "updated_at": "2021-03-25 06:12:47"
        },
        {
            "id": "425",
            "state_id": "32",
            "name": "Espírito Santo",
            "sigla": "ES",
            "created_at": "2021-03-25 06:12:47",
            "updated_at": "2021-03-25 06:12:47"
        },
        {
            "id": "426",
            "state_id": "33",
            "name": "Rio de Janeiro",
            "sigla": "RJ",
            "created_at": "2021-03-25 06:12:47",
            "updated_at": "2021-03-25 06:12:47"
        },
        {
            "id": "427",
            "state_id": "35",
            "name": "São Paulo",
            "sigla": "SP",
            "created_at": "2021-03-25 06:12:47",
            "updated_at": "2021-03-25 06:12:47"
        },
        {
            "id": "428",
            "state_id": "41",
            "name": "Paraná",
            "sigla": "PR",
            "created_at": "2021-03-25 06:12:47",
            "updated_at": "2021-03-25 06:12:47"
        },
        {
            "id": "429",
            "state_id": "42",
            "name": "Santa Catarina",
            "sigla": "SC",
            "created_at": "2021-03-25 06:12:47",
            "updated_at": "2021-03-25 06:12:47"
        },
        {
            "id": "430",
            "state_id": "43",
            "name": "Rio Grande do Sul",
            "sigla": "RS",
            "created_at": "2021-03-25 06:12:47",
            "updated_at": "2021-03-25 06:12:47"
        },
        {
            "id": "431",
            "state_id": "50",
            "name": "Mato Grosso do Sul",
            "sigla": "MS",
            "created_at": "2021-03-25 06:12:47",
            "updated_at": "2021-03-25 06:12:47"
        },
        {
            "id": "432",
            "state_id": "51",
            "name": "Mato Grosso",
            "sigla": "MT",
            "created_at": "2021-03-25 06:12:47",
            "updated_at": "2021-03-25 06:12:47"
        },
        {
            "id": "433",
            "state_id": "52",
            "name": "Goiás",
            "sigla": "GO",
            "created_at": "2021-03-25 06:12:47",
            "updated_at": "2021-03-25 06:12:47"
        },
        {
            "id": "434",
            "state_id": "53",
            "name": "Distrito Federal",
            "sigla": "DF",
            "created_at": "2021-03-25 06:12:47",
            "updated_at": "2021-03-25 06:12:47"
        },
        {
            "id": "435",
            "state_id": "11",
            "name": "Rondônia",
            "sigla": "RO",
            "created_at": "2021-03-25 06:26:06",
            "updated_at": "2021-03-25 06:26:06"
        },
        {
            "id": "436",
            "state_id": "12",
            "name": "Acre",
            "sigla": "AC",
            "created_at": "2021-03-25 06:26:06",
            "updated_at": "2021-03-25 06:26:06"
        },
        {
            "id": "437",
            "state_id": "13",
            "name": "Amazonas",
            "sigla": "AM",
            "created_at": "2021-03-25 06:26:06",
            "updated_at": "2021-03-25 06:26:06"
        },
        {
            "id": "438",
            "state_id": "14",
            "name": "Roraima",
            "sigla": "RR",
            "created_at": "2021-03-25 06:26:06",
            "updated_at": "2021-03-25 06:26:06"
        },
        {
            "id": "439",
            "state_id": "15",
            "name": "Pará",
            "sigla": "PA",
            "created_at": "2021-03-25 06:26:06",
            "updated_at": "2021-03-25 06:26:06"
        },
        {
            "id": "440",
            "state_id": "16",
            "name": "Amapá",
            "sigla": "AP",
            "created_at": "2021-03-25 06:26:06",
            "updated_at": "2021-03-25 06:26:06"
        },
        {
            "id": "441",
            "state_id": "17",
            "name": "Tocantins",
            "sigla": "TO",
            "created_at": "2021-03-25 06:26:06",
            "updated_at": "2021-03-25 06:26:06"
        },
        {
            "id": "442",
            "state_id": "21",
            "name": "Maranhão",
            "sigla": "MA",
            "created_at": "2021-03-25 06:26:06",
            "updated_at": "2021-03-25 06:26:06"
        },
        {
            "id": "443",
            "state_id": "22",
            "name": "Piauí",
            "sigla": "PI",
            "created_at": "2021-03-25 06:26:06",
            "updated_at": "2021-03-25 06:26:06"
        },
        {
            "id": "444",
            "state_id": "23",
            "name": "Ceará",
            "sigla": "CE",
            "created_at": "2021-03-25 06:26:06",
            "updated_at": "2021-03-25 06:26:06"
        },
        {
            "id": "445",
            "state_id": "24",
            "name": "Rio Grande do Norte",
            "sigla": "RN",
            "created_at": "2021-03-25 06:26:06",
            "updated_at": "2021-03-25 06:26:06"
        },
        {
            "id": "446",
            "state_id": "25",
            "name": "Paraíba",
            "sigla": "PB",
            "created_at": "2021-03-25 06:26:06",
            "updated_at": "2021-03-25 06:26:06"
        },
        {
            "id": "447",
            "state_id": "26",
            "name": "Pernambuco",
            "sigla": "PE",
            "created_at": "2021-03-25 06:26:06",
            "updated_at": "2021-03-25 06:26:06"
        },
        {
            "id": "448",
[...]
        <system-out>{
    "status": "success",
    "class": "Controller\/Product",
    "method": "edit",
    "id": "183",
    "message": "produto salvo com sucesso"
}</system-out>
      </testcase>
      <testcase name="testEditIdNotFound" class="Tests\Controllers\IntegrationTest\ProductTest" classname="Tests.Controllers.IntegrationTest.ProductTest" file="/var/www/html/olist/test/Controllers/IntegrationTest/ProductTest.php" line="121" assertions="1" time="0.000955">
        <system-out>{
    "status": "error",
    "type": "invalid_data",
    "class": "Controller\/Product",
    "method": "edit",
    "message": "identificador inválido"
}</system-out>
      </testcase>
      <testcase name="testEditIdStatementInvalid" class="Tests\Controllers\IntegrationTest\ProductTest" classname="Tests.Controllers.IntegrationTest.ProductTest" file="/var/www/html/olist/test/Controllers/IntegrationTest/ProductTest.php" line="134" assertions="1" time="0.002282">
        <system-out>{
    "status": "success",
    "class": "Controller\/Product",
    "method": "edit",
    "id": "183",
    "message": "produto salvo com sucesso"
}</system-out>
      </testcase>
      <testcase name="testEditIdCategoryInvalid" class="Tests\Controllers\IntegrationTest\ProductTest" classname="Tests.Controllers.IntegrationTest.ProductTest" file="/var/www/html/olist/test/Controllers/IntegrationTest/ProductTest.php" line="154" assertions="1" time="0.001301">
        <system-out>{
    "status": "error",
    "type": "invalid_data",
    "class": "Controller\/Product",
    "method": "edit",
    "message": "categoria inválida"
}</system-out>
      </testcase>
      <testcase name="testDeleteIdNotFoud" class="Tests\Controllers\IntegrationTest\ProductTest" classname="Tests.Controllers.IntegrationTest.ProductTest" file="/var/www/html/olist/test/Controllers/IntegrationTest/ProductTest.php" line="174" assertions="1" time="0.001059">
        <system-out>{
    "status": "error",
    "type": "invalid_data",
    "class": "Controller\/Product",
    "method": "delete",
    "message": "identificador inválido"
}</system-out>
      </testcase>
      <testcase name="testDelete" class="Tests\Controllers\IntegrationTest\ProductTest" classname="Tests.Controllers.IntegrationTest.ProductTest" file="/var/www/html/olist/test/Controllers/IntegrationTest/ProductTest.php" line="184" assertions="1" time="0.004502">
        <system-out>{
    "status": "sucess",
    "class": "Controller\/Product",
    "method": "delete",
    "id": "183",
    "message": "produto excluido com sucesso"
}</system-out>
      </testcase>
    </testsuite>
    <testsuite name="Tests\Controllers\UnitTest\CategoryTest" file="/var/www/html/olist/test/Controllers/UnitTest/CategoryTest.php" tests="7" assertions="7" errors="0" warnings="0" failures="0" skipped="0" time="0.012374">
      <testcase name="testIndex" class="Tests\Controllers\UnitTest\CategoryTest" classname="Tests.Controllers.UnitTest.CategoryTest" file="/var/www/html/olist/test/Controllers/UnitTest/CategoryTest.php" line="16" assertions="1" time="0.001882">
        <system-out>{
    "status": "success",
    "class": "Controller\/Category",
    "method": "list",
    "data": [
        {
            "id": "2",
            "name": "produto de limpeza",
            "created_at": "2021-03-23 23:45:37",
            "updated_at": "2021-03-23 23:45:37"
        },
        {
            "id": "3",
            "name": "perefivel",
            "created_at": "2021-03-24 05:53:37",
            "updated_at": "2021-03-24 05:53:37"
        },
        {
            "id": "4",
            "name": "perefivel",
            "created_at": "2021-03-24 05:53:59",
            "updated_at": "2021-03-24 05:53:59"
        },
        {
            "id": "5",
            "name": "novaCategoriaTeste",
            "created_at": "2021-03-24 15:22:42",
            "updated_at": "2021-03-24 19:59:43"
        },
        {
            "id": "6",
            "name": "novacategoria",
            "created_at": "2021-03-24 15:25:08",
            "updated_at": "2021-03-24 15:25:08"
        },
        {
            "id": "7",
            "name": "novacategoria",
            "created_at": "2021-03-24 15:25:41",
            "updated_at": "2021-03-24 15:25:41"
        },
        {
            "id": "8",
            "name": "novacategoria",
            "created_at": "2021-03-24 15:27:03",
            "updated_at": "2021-03-24 15:27:03"
        },
        {
            "id": "9",
            "name": "novacategoria",
            "created_at": "2021-03-24 18:27:12",
            "updated_at": "2021-03-24 18:27:12"
        },
        {
            "id": "10",
            "name": "novacategoria",
            "created_at": "2021-03-24 18:27:16",
            "updated_at": "2021-03-24 21:52:25"
        },
        {
            "id": "11",
            "name": "novacategoria",
            "created_at": "2021-03-24 18:30:33",
            "updated_at": "2021-03-24 18:30:33"
        },
        {
            "id": "12",
            "name": "novacategoria",
            "created_at": "2021-03-24 19:16:08",
            "updated_at": "2021-03-24 19:16:08"
        },
        {
            "id": "13",
            "name": "novacategoria",
            "created_at": "2021-03-24 19:16:23",
            "updated_at": "2021-03-24 19:16:23"
        },
        {
            "id": "14",
            "name": "novacategoria",
            "created_at": "2021-03-24 19:16:31",
            "updated_at": "2021-03-24 19:16:31"
        },
        {
            "id": "15",
            "name": "novacategoria",
            "created_at": "2021-03-24 19:21:29",
            "updated_at": "2021-03-24 19:21:29"
        },
        {
            "id": "16",
            "name": "novacategoria",
            "created_at": "2021-03-24 19:21:31",
            "updated_at": "2021-03-24 19:21:31"
        },
        {
            "id": "17",
            "name": "novacategoria",
            "created_at": "2021-03-24 19:21:32",
            "updated_at": "2021-03-24 19:21:32"
        },
        {
            "id": "18",
            "name": "novacategoria",
            "created_at": "2021-03-24 19:30:55",
            "updated_at": "2021-03-24 19:30:55"
        },
        {
            "id": "19",
            "name": "novacategoria",
            "created_at": "2021-03-24 19:31:52",
            "updated_at": "2021-03-24 19:31:52"
        },
        {
            "id": "131",
            "name": "createCategoryOfTest",
            "created_at": "2021-03-25 00:27:20",
            "updated_at": "2021-03-25 00:27:20"
        },
        {
            "id": "132",
            "name": "createCategoryOfTest",
            "created_at": "2021-03-25 00:29:43",
            "updated_at": "2021-03-25 00:29:43"
        },
        {
            "id": "133",
            "name": "createCategoryOfTest",
            "created_at": "2021-03-25 00:31:03",
            "updated_at": "2021-03-25 00:31:03"
        },
        {
            "id": "134",
            "name": "createCategoryOfTest",
            "created_at": "2021-03-25 00:33:52",
            "updated_at": "2021-03-25 00:33:52"
        },
        {
            "id": "135",
            "name": "createCategoryOfTest",
            "created_at": "2021-03-25 00:34:41",
            "updated_at": "2021-03-25 00:34:41"
        },
        {
            "id": "136",
            "name": "createCategoryOfTest",
            "created_at": "2021-03-25 00:35:13",
            "updated_at": "2021-03-25 00:35:13"
        },
        {
            "id": "137",
            "name": "qqqqqqq",
            "created_at": "2021-03-25 00:35:52",
            "updated_at": "2021-03-24 23:00:22"
        },
        {
            "id": "138",
            "name": "createCategoryOfTest",
            "created_at": "2021-03-25 00:37:24",
            "updated_at": "2021-03-25 00:37:24"
        },
        {
            "id": "139",
            "name": "createCategoryOfTest",
            "created_at": "2021-03-25 00:38:07",
            "updated_at": "2021-03-25 00:38:07"
        },
        {
            "id": "140",
            "name": "createCategoryOfTest",
            "created_at": "2021-03-25 00:43:45",
            "updated_at": "2021-03-25 00:43:45"
        },
        {
            "id": "141",
            "name": "createCategoryOfTest",
            "created_at": "2021-03-25 00:45:05",
            "updated_at": "2021-03-25 00:45:05"
        },
        {
            "id": "142",
            "name": "createCategoryOfTest",
            "created_at": "2021-03-25 00:46:36",
            "updated_at": "2021-03-25 00:46:36"
        },
        {
            "id": "143",
            "name": "createCategoryOfTest",
            "created_at": "2021-03-25 00:46:43",
            "updated_at": "2021-03-25 00:46:43"
        },
        {
            "id": "144",
            "name": "createCategoryOfTest",
            "created_at": "2021-03-25 00:51:16",
            "updated_at": "2021-03-25 00:51:16"
        },
        {
            "id": "145",
            "name": "createCategoryOfTest",
            "created_at": "2021-03-25 00:58:13",
            "updated_at": "2021-03-25 00:58:13"
        },
        {
            "id": "146",
            "name": "createCategoryOfTest",
            "created_at": "2021-03-25 01:00:16",
            "updated_at": "2021-03-25 01:00:16"
        },
        {
            "id": "147",
            "name": "createCategoryOfTest",
            "created_at": "2021-03-25 01:01:06",
            "updated_at": "2021-03-25 01:01:06"
        },
        {
            "id": "149",
            "name": "createCategoryOfTest",
            "created_at": "2021-03-25 01:11:17",
            "updated_at": "2021-03-25 01:11:17"
        },
        {
            "id": "152",
            "name": "createCategoryOfTest",
            "created_at": "2021-03-25 01:12:58",
            "updated_at": "2021-03-25 01:12:58"
        },
        {
            "id": "153",
            "name": "createCategoryOfTest",
            "created_at": "2021-03-25 01:13:56",
            "updated_at": "2021-03-25 01:13:56"
        },
        {
            "id": "154",
            "name": "createCategoryOfTest",
            "created_at": "2021-03-25 01:14:30",
            "updated_at": "2021-03-25 01:14:30"
        },
        {
            "id": "155",
            "name": "createCategoryOfTest",
            "created_at": "2021-03-25 01:17:49",
            "updated_at": "2021-03-25 01:17:49"
        },
        {
            "id": "156",
            "name": "createCategoryOfTest",
            "created_at": "2021-03-25 01:18:04",
            "updated_at": "2021-03-25 01:18:04"
        },
        {
            "id": "161",
            "name": "createCategoryOfTest",
            "created_at": "2021-03-25 01:28:08",
            "updated_at": "2021-03-25 01:28:08"
        },
        {
            "id": "162",
            "name": "createCategoryOfTest",
            "created_at": "2021-03-25 01:28:40",
            "updated_at": "2021-03-25 01:28:40"
        },
        {
            "id": "164",
            "name": "createCategoryOfTest",
            "created_at": "2021-03-25 01:30:15",
            "updated_at": "2021-03-25 01:30:15"
        },
        {
            "id": "165",
            "name": "createCategoryOfTest",
            "created_at": "2021-03-25 01:33:57",
            "updated_at": "2021-03-25 01:33:57"
        },
        {
            "id": "166",
            "name": "createCategoryOfTest",
            "created_at": "2021-03-25 01:36:23",
            "updated_at": "2021-03-25 01:36:23"
        },
        {
            "id": "167",
            "name": "createCategoryOfTest",
            "created_at": "2021-03-25 01:44:00",
            "updated_at": "2021-03-25 01:44:00"
        },
        {
            "id": "168",
            "name": "createCategoryOfTest",
            "created_at": "2021-03-25 01:50:17",
            "updated_at": "2021-03-25 01:50:17"
        },
        {
            "id": "175",
            "name": "createCategoryOfTest",
            "created_at": "2021-03-25 01:54:42",
            "updated_at": "2021-03-25 01:54:42"
        },
        {
            "id": "177",
            "name": "nameOverride",
            "created_at": "2021-03-25 02:01:09",
            "updated_at": "2021-03-25 02:01:09"
        },
        {
            "id": "202",
            "name": "Hortaliças",
            "created_at": "2021-03-25 01:56:05",
            "updated_at": "2021-03-25 01:56:05"
        },
        {
            "id": "210",
            "name": "createCategoryOfTest",
            "created_at": "2021-03-25 06:10:26",
            "updated_at": "2021-03-25 06:10:26"
        },
        {
            "id": "212",
            "name": "createCategoryOfTest",
            "created_at": "2021-03-25 06:10:59",
            "updated_at": "2021-03-25 06:10:59"
        },
        {
            "id": "214",
            "name": "createCategoryOfTest",
            "created_at": "2021-03-25 06:11:17",
            "updated_at": "2021-03-25 06:11:17"
        },
        {
            "id": "216",
            "name": "createCategoryOfTest",
            "created_at": "2021-03-25 06:12:47",
            "updated_at": "2021-03-25 06:12:47"
        },
        {
            "id": "218",
            "name": "createCategoryOfTest",
            "created_at": "2021-03-25 06:26:06",
            "updated_at": "2021-03-25 06:26:06"
        },
        {
            "id": "219",
            "name": "Hortaliças",
            "created_at": "2021-03-25 03:33:27",
            "updated_at": "2021-03-25 03:33:27"
        },
        {
            "id": "220",
            "name": "Hortaliças",
            "created_at": "2021-03-25 03:33:52",
            "updated_at": "2021-03-25 03:33:52"
        },
        {
            "id": "222",
            "name": "createCategoryOfTest",
            "created_at": "2021-03-25 06:49:33",
            "updated_at": "2021-03-25 06:49:33"
        },
        {
            "id": "224",
            "name": "createCategoryOfTest",
            "created_at": "2021-03-25 06:52:07",
            "updated_at": "2021-03-25 06:52:07"
        }
    ]
}</system-out>
      </testcase>
      <testcase name="testCreate" class="Tests\Controllers\UnitTest\CategoryTest" classname="Tests.Controllers.UnitTest.CategoryTest" file="/var/www/html/olist/test/Controllers/UnitTest/CategoryTest.php" line="27" assertions="1" time="0.005647">
        <system-out>{
    "status": "success",
    "class": "Controller\/Category",
    "method": "create",
    "id": "226",
    "message": "categoria salva com sucesso"
}</system-out>
      </testcase>
      <testcase name="testCreateFieldRequire" class="Tests\Controllers\UnitTest\CategoryTest" classname="Tests.Controllers.UnitTest.CategoryTest" file="/var/www/html/olist/test/Controllers/UnitTest/CategoryTest.php" line="37" assertions="1" time="0.001118">
        <system-out>{
    "status": "error",
    "type": "invalid_data",
    "class": "Controller\/Category",
    "method": "create",
    "message": "obrigatório",
    "fields": [
        "name"
    ]
}</system-out>
      </testcase>
      <testcase name="testCreateArrayEmpty" class="Tests\Controllers\UnitTest\CategoryTest" classname="Tests.Controllers.UnitTest.CategoryTest" file="/var/www/html/olist/test/Controllers/UnitTest/CategoryTest.php" line="47" assertions="1" time="0.001046">
        <system-out>{
    "status": "error",
    "type": "invalid_data",
    "class": "Controller\/Category",
    "method": "create",
    "message": "obrigatório",
    "fields": [
        "name"
    ]
}</system-out>
      </testcase>
      <testcase name="testFindBiIdKeyIdNotFound" class="Tests\Controllers\UnitTest\CategoryTest" classname="Tests.Controllers.UnitTest.CategoryTest" file="/var/www/html/olist/test/Controllers/UnitTest/CategoryTest.php" line="59" assertions="1" time="0.000651">
        <system-out>{
    "status": "error",
    "type": "invalid_data",
    "class": "Controller\/Category",
    "method": "findById",
    "message": "não foi possivel buscar a categoria"
}</system-out>
      </testcase>
      <testcase name="testEditKeyIdNotFound" class="Tests\Controllers\UnitTest\CategoryTest" classname="Tests.Controllers.UnitTest.CategoryTest" file="/var/www/html/olist/test/Controllers/UnitTest/CategoryTest.php" line="71" assertions="1" time="0.000632">
        <system-out>{
    "status": "error",
    "type": "invalid_data",
    "class": "Controller\/Category",
    "method": "edit",
    "message": "não foi possivel editar a categoria"
}</system-out>
      </testcase>
      <testcase name="testDeleteNameKeyInvalid" class="Tests\Controllers\UnitTest\CategoryTest" classname="Tests.Controllers.UnitTest.CategoryTest" file="/var/www/html/olist/test/Controllers/UnitTest/CategoryTest.php" line="84" assertions="1" time="0.001398">
        <system-out>{
    "status": "error",
    "type": "invalid_data",
    "class": "Controller\/Category",
    "method": "delete",
    "message": "não foi possivel excluir a categoria"
}</system-out>
      </testcase>
    </testsuite>
    <testsuite name="Tests\Controllers\UnitTest\ProductTest" file="/var/www/html/olist/test/Controllers/UnitTest/ProductTest.php" tests="5" assertions="5" errors="0" warnings="0" failures="0" skipped="0" time="0.005714">
      <testcase name="testCreateProductEmpty" class="Tests\Controllers\UnitTest\ProductTest" classname="Tests.Controllers.UnitTest.ProductTest" file="/var/www/html/olist/test/Controllers/UnitTest/ProductTest.php" line="18" assertions="1" time="0.001125">
        <system-out>{
    "status": "error",
    "type": "invalid_data",
    "class": "Controller\/Product",
    "method": "create",
    "message": "não foi possivel criar o produto"
}</system-out>
      </testcase>
      <testcase name="testCreateProductFieldRequireNotDeclared" class="Tests\Controllers\UnitTest\ProductTest" classname="Tests.Controllers.UnitTest.ProductTest" file="/var/www/html/olist/test/Controllers/UnitTest/ProductTest.php" line="26" assertions="1" time="0.001705">
        <system-out>{
    "status": "error",
    "type": "invalid_data",
    "class": "Controller\/Product",
    "method": "create",
    "message": "campos obrigatório",
    "fields": [
        "name"
    ]
}</system-out>
      </testcase>
      <testcase name="testFindBiIdKeyIdNotFound" class="Tests\Controllers\UnitTest\ProductTest" classname="Tests.Controllers.UnitTest.ProductTest" file="/var/www/html/olist/test/Controllers/UnitTest/ProductTest.php" line="43" assertions="1" time="0.000839">
        <system-out>{
    "status": "error",
    "type": "invalid_data",
    "class": "Controller\/Product",
    "method": "findById",
    "message": "não foi possivel editar o produto"
}</system-out>
      </testcase>
      <testcase name="testEditKeyIdNotFound" class="Tests\Controllers\UnitTest\ProductTest" classname="Tests.Controllers.UnitTest.ProductTest" file="/var/www/html/olist/test/Controllers/UnitTest/ProductTest.php" line="56" assertions="1" time="0.000752">
        <system-out>{
    "status": "error",
    "type": "invalid_data",
    "class": "Controller\/Product",
    "method": "edit",
    "message": "não foi possivel editar o produto"
}</system-out>
      </testcase>
      <testcase name="testDeleteNameKeyInvalid" class="Tests\Controllers\UnitTest\ProductTest" classname="Tests.Controllers.UnitTest.ProductTest" file="/var/www/html/olist/test/Controllers/UnitTest/ProductTest.php" line="72" assertions="1" time="0.001293">
        <system-out>{
    "status": "error",
    "type": "invalid_data",
    "class": "Controller\/Product",
    "method": "delete",
    "message": "nao foi possivel excluir o produto"
}</system-out>
      </testcase>
    </testsuite>
  </testsuite>
</testsuites>
